2012/11/29 12:24:04 [error] [exception.CHttpException.404] exception 'CHttpException' with message 'Unable to resolve the request "message/helloMessage".' in Z:\home\test1.ru\www\YiiRoot\framework\web\CWebApplication.php:287
Stack trace:
#0 Z:\home\test1.ru\www\YiiRoot\framework\web\CWebApplication.php(142): CWebApplication->runController('message/helloMe...')
#1 Z:\home\test1.ru\www\YiiRoot\framework\base\CApplication.php(162): CWebApplication->processRequest()
#2 Z:\home\test1.ru\www\index.php(13): CApplication->run()
#3 {main}
REQUEST_URI=/index.php?r=message/helloMessage
---
2012/11/29 12:24:40 [error] [exception.CHttpException.404] exception 'CHttpException' with message 'Unable to resolve the request "helloMessage/helloMessage".' in Z:\home\test1.ru\www\YiiRoot\framework\web\CWebApplication.php:287
Stack trace:
#0 Z:\home\test1.ru\www\YiiRoot\framework\web\CWebApplication.php(142): CWebApplication->runController('helloMessage/he...')
#1 Z:\home\test1.ru\www\YiiRoot\framework\base\CApplication.php(162): CWebApplication->processRequest()
#2 Z:\home\test1.ru\www\index.php(13): CApplication->run()
#3 {main}
REQUEST_URI=/index.php?r=helloMessage/helloMessage
---
2012/11/29 12:24:46 [error] [exception.CHttpException.404] exception 'CHttpException' with message 'Unable to resolve the request "hellomessage/helloMessage".' in Z:\home\test1.ru\www\YiiRoot\framework\web\CWebApplication.php:287
Stack trace:
#0 Z:\home\test1.ru\www\YiiRoot\framework\web\CWebApplication.php(142): CWebApplication->runController('hellomessage/he...')
#1 Z:\home\test1.ru\www\YiiRoot\framework\base\CApplication.php(162): CWebApplication->processRequest()
#2 Z:\home\test1.ru\www\index.php(13): CApplication->run()
#3 {main}
REQUEST_URI=/index.php?r=hellomessage/helloMessage
---
2012/11/29 12:26:25 [error] [exception.CHttpException.404] exception 'CHttpException' with message 'Unable to resolve the request "message/helloMessage".' in Z:\home\test1.ru\www\YiiRoot\framework\web\CWebApplication.php:287
Stack trace:
#0 Z:\home\test1.ru\www\YiiRoot\framework\web\CWebApplication.php(142): CWebApplication->runController('message/helloMe...')
#1 Z:\home\test1.ru\www\YiiRoot\framework\base\CApplication.php(162): CWebApplication->processRequest()
#2 Z:\home\test1.ru\www\index.php(13): CApplication->run()
#3 {main}
REQUEST_URI=/index.php?r=message/helloMessage
---
2012/11/29 12:27:50 [error] [exception.CHttpException.404] exception 'CHttpException' with message 'Unable to resolve the request "message/helloMessage".' in Z:\home\test1.ru\www\YiiRoot\framework\web\CWebApplication.php:287
Stack trace:
#0 Z:\home\test1.ru\www\YiiRoot\framework\web\CWebApplication.php(142): CWebApplication->runController('message/helloMe...')
#1 Z:\home\test1.ru\www\YiiRoot\framework\base\CApplication.php(162): CWebApplication->processRequest()
#2 Z:\home\test1.ru\www\index.php(13): CApplication->run()
#3 {main}
REQUEST_URI=/index.php?r=message/helloMessage
---
2012/11/29 12:29:00 [error] [exception.CHttpException.404] exception 'CHttpException' with message 'Unable to resolve the request "message/helloMessage".' in Z:\home\test1.ru\www\YiiRoot\framework\web\CWebApplication.php:287
Stack trace:
#0 Z:\home\test1.ru\www\YiiRoot\framework\web\CWebApplication.php(142): CWebApplication->runController('message/helloMe...')
#1 Z:\home\test1.ru\www\YiiRoot\framework\base\CApplication.php(162): CWebApplication->processRequest()
#2 Z:\home\test1.ru\www\index.php(13): CApplication->run()
#3 {main}
REQUEST_URI=/index.php?r=message/helloMessage
---
2012/11/29 12:38:07 [error] [exception.CHttpException.404] exception 'CHttpException' with message 'Unable to resolve the request "message/helloMessage".' in Z:\home\test1.ru\www\YiiRoot\framework\web\CWebApplication.php:287
Stack trace:
#0 Z:\home\test1.ru\www\YiiRoot\framework\web\CWebApplication.php(142): CWebApplication->runController('message/helloMe...')
#1 Z:\home\test1.ru\www\YiiRoot\framework\base\CApplication.php(162): CWebApplication->processRequest()
#2 Z:\home\test1.ru\www\index.php(13): CApplication->run()
#3 {main}
REQUEST_URI=/index.php?r=message/helloMessage
---
2012/11/29 12:38:09 [error] [exception.CHttpException.404] exception 'CHttpException' with message 'Unable to resolve the request "message/helloMessage".' in Z:\home\test1.ru\www\YiiRoot\framework\web\CWebApplication.php:287
Stack trace:
#0 Z:\home\test1.ru\www\YiiRoot\framework\web\CWebApplication.php(142): CWebApplication->runController('message/helloMe...')
#1 Z:\home\test1.ru\www\YiiRoot\framework\base\CApplication.php(162): CWebApplication->processRequest()
#2 Z:\home\test1.ru\www\index.php(13): CApplication->run()
#3 {main}
REQUEST_URI=/index.php?r=message/helloMessage
---
2012/11/29 12:40:28 [error] [exception.CHttpException.404] exception 'CHttpException' with message 'Unable to resolve the request "message/helloMessage".' in Z:\home\test1.ru\www\YiiRoot\framework\web\CWebApplication.php:287
Stack trace:
#0 Z:\home\test1.ru\www\YiiRoot\framework\web\CWebApplication.php(142): CWebApplication->runController('message/helloMe...')
#1 Z:\home\test1.ru\www\YiiRoot\framework\base\CApplication.php(162): CWebApplication->processRequest()
#2 Z:\home\test1.ru\www\index.php(13): CApplication->run()
#3 {main}
REQUEST_URI=/index.php?r=message/helloMessage
---
2012/11/29 12:40:38 [error] [exception.CHttpException.404] exception 'CHttpException' with message 'Unable to resolve the request "message/helloMessage".' in Z:\home\test1.ru\www\YiiRoot\framework\web\CWebApplication.php:287
Stack trace:
#0 Z:\home\test1.ru\www\YiiRoot\framework\web\CWebApplication.php(142): CWebApplication->runController('message/helloMe...')
#1 Z:\home\test1.ru\www\YiiRoot\framework\base\CApplication.php(162): CWebApplication->processRequest()
#2 Z:\home\test1.ru\www\index.php(13): CApplication->run()
#3 {main}
REQUEST_URI=/index.php?r=message/helloMessage
---
2012/11/29 12:40:39 [error] [exception.CHttpException.404] exception 'CHttpException' with message 'Unable to resolve the request "message/helloMessage".' in Z:\home\test1.ru\www\YiiRoot\framework\web\CWebApplication.php:287
Stack trace:
#0 Z:\home\test1.ru\www\YiiRoot\framework\web\CWebApplication.php(142): CWebApplication->runController('message/helloMe...')
#1 Z:\home\test1.ru\www\YiiRoot\framework\base\CApplication.php(162): CWebApplication->processRequest()
#2 Z:\home\test1.ru\www\index.php(13): CApplication->run()
#3 {main}
REQUEST_URI=/index.php?r=message/helloMessage
---
2012/11/29 12:44:03 [error] [exception.CHttpException.404] exception 'CHttpException' with message 'Unable to resolve the request "message/helloWorld".' in Z:\home\test1.ru\www\YiiRoot\framework\web\CWebApplication.php:287
Stack trace:
#0 Z:\home\test1.ru\www\YiiRoot\framework\web\CWebApplication.php(142): CWebApplication->runController('message/helloWo...')
#1 Z:\home\test1.ru\www\YiiRoot\framework\base\CApplication.php(162): CWebApplication->processRequest()
#2 Z:\home\test1.ru\www\index.php(13): CApplication->run()
#3 {main}
REQUEST_URI=/index.php?r=message/helloWorld
---
2012/11/29 12:44:18 [error] [exception.CHttpException.404] exception 'CHttpException' with message 'Unable to resolve the request "message".' in Z:\home\test1.ru\www\YiiRoot\framework\web\CWebApplication.php:287
Stack trace:
#0 Z:\home\test1.ru\www\YiiRoot\framework\web\CWebApplication.php(142): CWebApplication->runController('message')
#1 Z:\home\test1.ru\www\YiiRoot\framework\base\CApplication.php(162): CWebApplication->processRequest()
#2 Z:\home\test1.ru\www\index.php(13): CApplication->run()
#3 {main}
REQUEST_URI=/index.php?r=message
---
2012/11/29 12:45:26 [error] [exception.CException] exception 'CException' with message 'MessageController cannot find the requested view "index".' in Z:\home\test1.ru\www\YiiRoot\framework\web\CController.php:879
Stack trace:
#0 Z:\home\test1.ru\www\YiiRoot\framework\web\CController.php(783): CController->renderPartial('index', NULL, true)
#1 Z:\home\test1.ru\www\protected\controllers\MessageController.php(15): CController->render('index')
#2 Z:\home\test1.ru\www\YiiRoot\framework\web\actions\CInlineAction.php(50): MessageController->actionIndex()
#3 Z:\home\test1.ru\www\YiiRoot\framework\web\CController.php(309): CInlineAction->runWithParams(Array)
#4 Z:\home\test1.ru\www\YiiRoot\framework\web\CController.php(287): CController->runAction(Object(CInlineAction))
#5 Z:\home\test1.ru\www\YiiRoot\framework\web\CController.php(266): CController->runActionWithFilters(Object(CInlineAction), Array)
#6 Z:\home\test1.ru\www\YiiRoot\framework\web\CWebApplication.php(283): CController->run('')
#7 Z:\home\test1.ru\www\YiiRoot\framework\web\CWebApplication.php(142): CWebApplication->runController('message')
#8 Z:\home\test1.ru\www\YiiRoot\framework\base\CApplication.php(162): CWebApplication->processRequest()
#9 Z:\home\test1.ru\www\index.php(13): CApplication->run()
#10 {main}
REQUEST_URI=/index.php?r=message
---
2012/11/30 19:36:57 [error] [exception.CHttpException.404] exception 'CHttpException' with message 'The system is unable to find the requested action "hello".' in Z:\home\test1.ru\www\YiiRoot\framework\web\CController.php:484
Stack trace:
#0 Z:\home\test1.ru\www\YiiRoot\framework\web\CController.php(271): CController->missingAction('hello')
#1 Z:\home\test1.ru\www\YiiRoot\framework\web\CWebApplication.php(283): CController->run('hello')
#2 Z:\home\test1.ru\www\YiiRoot\framework\web\CWebApplication.php(142): CWebApplication->runController('site/hello')
#3 Z:\home\test1.ru\www\YiiRoot\framework\base\CApplication.php(162): CWebApplication->processRequest()
#4 Z:\home\test1.ru\www\index.php(13): CApplication->run()
#5 {main}
REQUEST_URI=/index.php?r=site/hello
---
2012/11/30 19:37:17 [error] [exception.CHttpException.404] exception 'CHttpException' with message 'The system is unable to find the requested action "hello".' in Z:\home\test1.ru\www\YiiRoot\framework\web\CController.php:484
Stack trace:
#0 Z:\home\test1.ru\www\YiiRoot\framework\web\CController.php(271): CController->missingAction('hello')
#1 Z:\home\test1.ru\www\YiiRoot\framework\web\CWebApplication.php(283): CController->run('hello')
#2 Z:\home\test1.ru\www\YiiRoot\framework\web\CWebApplication.php(142): CWebApplication->runController('site/hello')
#3 Z:\home\test1.ru\www\YiiRoot\framework\base\CApplication.php(162): CWebApplication->processRequest()
#4 Z:\home\test1.ru\www\index.php(13): CApplication->run()
#5 {main}
REQUEST_URI=/index.php?r=site/hello
---
2012/11/30 19:41:13 [error] [exception.CHttpException.404] exception 'CHttpException' with message 'The system is unable to find the requested action "hello".' in Z:\home\test1.ru\www\YiiRoot\framework\web\CController.php:484
Stack trace:
#0 Z:\home\test1.ru\www\YiiRoot\framework\web\CController.php(271): CController->missingAction('hello')
#1 Z:\home\test1.ru\www\YiiRoot\framework\web\CWebApplication.php(283): CController->run('hello')
#2 Z:\home\test1.ru\www\YiiRoot\framework\web\CWebApplication.php(142): CWebApplication->runController('site/hello')
#3 Z:\home\test1.ru\www\YiiRoot\framework\base\CApplication.php(162): CWebApplication->processRequest()
#4 Z:\home\test1.ru\www\index.php(13): CApplication->run()
#5 {main}
REQUEST_URI=/index.php?r=site/hello
---
2012/11/30 19:43:01 [error] [exception.CHttpException.404] exception 'CHttpException' with message 'Unable to resolve the request "admin/hello".' in Z:\home\test1.ru\www\YiiRoot\framework\web\CWebApplication.php:287
Stack trace:
#0 Z:\home\test1.ru\www\YiiRoot\framework\web\CWebApplication.php(142): CWebApplication->runController('admin/hello')
#1 Z:\home\test1.ru\www\YiiRoot\framework\base\CApplication.php(162): CWebApplication->processRequest()
#2 Z:\home\test1.ru\www\index.php(13): CApplication->run()
#3 {main}
REQUEST_URI=/index.php?r=admin/hello
---
2012/11/30 19:43:37 [error] [exception.CHttpException.404] exception 'CHttpException' with message 'Unable to resolve the request "admin/hello".' in Z:\home\test1.ru\www\YiiRoot\framework\web\CWebApplication.php:287
Stack trace:
#0 Z:\home\test1.ru\www\YiiRoot\framework\web\CWebApplication.php(142): CWebApplication->runController('admin/hello')
#1 Z:\home\test1.ru\www\YiiRoot\framework\base\CApplication.php(162): CWebApplication->processRequest()
#2 Z:\home\test1.ru\www\index.php(13): CApplication->run()
#3 {main}
REQUEST_URI=/index.php?r=admin/hello
---
2012/11/30 19:43:39 [error] [exception.CHttpException.404] exception 'CHttpException' with message 'Unable to resolve the request "admin/hello".' in Z:\home\test1.ru\www\YiiRoot\framework\web\CWebApplication.php:287
Stack trace:
#0 Z:\home\test1.ru\www\YiiRoot\framework\web\CWebApplication.php(142): CWebApplication->runController('admin/hello')
#1 Z:\home\test1.ru\www\YiiRoot\framework\base\CApplication.php(162): CWebApplication->processRequest()
#2 Z:\home\test1.ru\www\index.php(13): CApplication->run()
#3 {main}
REQUEST_URI=/index.php?r=admin/hello
---
2012/11/30 19:45:04 [error] [exception.CHttpException.404] exception 'CHttpException' with message 'The system is unable to find the requested action "hello".' in Z:\home\test1.ru\www\YiiRoot\framework\web\CController.php:484
Stack trace:
#0 Z:\home\test1.ru\www\YiiRoot\framework\web\CController.php(271): CController->missingAction('hello')
#1 Z:\home\test1.ru\www\YiiRoot\framework\web\CWebApplication.php(283): CController->run('hello')
#2 Z:\home\test1.ru\www\YiiRoot\framework\web\CWebApplication.php(142): CWebApplication->runController('admin/hello')
#3 Z:\home\test1.ru\www\YiiRoot\framework\base\CApplication.php(162): CWebApplication->processRequest()
#4 Z:\home\test1.ru\www\index.php(13): CApplication->run()
#5 {main}
REQUEST_URI=/index.php?r=admin/hello
---
2012/11/30 19:47:24 [error] [exception.CHttpException.404] exception 'CHttpException' with message 'The system is unable to find the requested action "hello".' in Z:\home\test1.ru\www\YiiRoot\framework\web\CController.php:484
Stack trace:
#0 Z:\home\test1.ru\www\YiiRoot\framework\web\CController.php(271): CController->missingAction('hello')
#1 Z:\home\test1.ru\www\YiiRoot\framework\web\CWebApplication.php(283): CController->run('hello')
#2 Z:\home\test1.ru\www\YiiRoot\framework\web\CWebApplication.php(142): CWebApplication->runController('admin/hello')
#3 Z:\home\test1.ru\www\YiiRoot\framework\base\CApplication.php(162): CWebApplication->processRequest()
#4 Z:\home\test1.ru\www\index.php(13): CApplication->run()
#5 {main}
REQUEST_URI=/index.php?r=admin/hello
---
2012/11/30 19:47:32 [error] [exception.CHttpException.404] exception 'CHttpException' with message 'The system is unable to find the requested action "index".' in Z:\home\test1.ru\www\YiiRoot\framework\web\CController.php:484
Stack trace:
#0 Z:\home\test1.ru\www\YiiRoot\framework\web\CController.php(271): CController->missingAction('')
#1 Z:\home\test1.ru\www\YiiRoot\framework\web\CWebApplication.php(283): CController->run('')
#2 Z:\home\test1.ru\www\YiiRoot\framework\web\CWebApplication.php(142): CWebApplication->runController('admin')
#3 Z:\home\test1.ru\www\YiiRoot\framework\base\CApplication.php(162): CWebApplication->processRequest()
#4 Z:\home\test1.ru\www\index.php(13): CApplication->run()
#5 {main}
REQUEST_URI=/index.php?r=admin
---
2012/11/30 19:48:03 [error] [exception.CHttpException.404] exception 'CHttpException' with message 'The system is unable to find the requested action "index".' in Z:\home\test1.ru\www\YiiRoot\framework\web\CController.php:484
Stack trace:
#0 Z:\home\test1.ru\www\YiiRoot\framework\web\CController.php(271): CController->missingAction('')
#1 Z:\home\test1.ru\www\YiiRoot\framework\web\CWebApplication.php(283): CController->run('')
#2 Z:\home\test1.ru\www\YiiRoot\framework\web\CWebApplication.php(142): CWebApplication->runController('admin')
#3 Z:\home\test1.ru\www\YiiRoot\framework\base\CApplication.php(162): CWebApplication->processRequest()
#4 Z:\home\test1.ru\www\index.php(13): CApplication->run()
#5 {main}
REQUEST_URI=/index.php?r=admin
---
2012/11/30 19:48:53 [error] [exception.CHttpException.404] exception 'CHttpException' with message 'The system is unable to find the requested action "hello".' in Z:\home\test1.ru\www\YiiRoot\framework\web\CController.php:484
Stack trace:
#0 Z:\home\test1.ru\www\YiiRoot\framework\web\CController.php(271): CController->missingAction('hello')
#1 Z:\home\test1.ru\www\YiiRoot\framework\web\CWebApplication.php(283): CController->run('hello')
#2 Z:\home\test1.ru\www\YiiRoot\framework\web\CWebApplication.php(142): CWebApplication->runController('admin/hello')
#3 Z:\home\test1.ru\www\YiiRoot\framework\base\CApplication.php(162): CWebApplication->processRequest()
#4 Z:\home\test1.ru\www\index.php(13): CApplication->run()
#5 {main}
REQUEST_URI=/index.php?r=admin/hello
---
2012/11/30 19:49:33 [error] [exception.CHttpException.404] exception 'CHttpException' with message 'The system is unable to find the requested action "hello".' in Z:\home\test1.ru\www\YiiRoot\framework\web\CController.php:484
Stack trace:
#0 Z:\home\test1.ru\www\YiiRoot\framework\web\CController.php(271): CController->missingAction('hello')
#1 Z:\home\test1.ru\www\YiiRoot\framework\web\CWebApplication.php(283): CController->run('hello')
#2 Z:\home\test1.ru\www\YiiRoot\framework\web\CWebApplication.php(142): CWebApplication->runController('admin/hello')
#3 Z:\home\test1.ru\www\YiiRoot\framework\base\CApplication.php(162): CWebApplication->processRequest()
#4 Z:\home\test1.ru\www\index.php(13): CApplication->run()
#5 {main}
REQUEST_URI=/index.php?r=admin/hello
---
2012/11/30 19:52:11 [error] [exception.CHttpException.404] exception 'CHttpException' with message 'The system is unable to find the requested action "hello".' in Z:\home\test1.ru\www\YiiRoot\framework\web\CController.php:484
Stack trace:
#0 Z:\home\test1.ru\www\YiiRoot\framework\web\CController.php(271): CController->missingAction('hello')
#1 Z:\home\test1.ru\www\YiiRoot\framework\web\CWebApplication.php(283): CController->run('hello')
#2 Z:\home\test1.ru\www\YiiRoot\framework\web\CWebApplication.php(142): CWebApplication->runController('site/hello')
#3 Z:\home\test1.ru\www\YiiRoot\framework\base\CApplication.php(162): CWebApplication->processRequest()
#4 Z:\home\test1.ru\www\index.php(13): CApplication->run()
#5 {main}
REQUEST_URI=/index.php?r=site/hello
---
2012/11/30 19:52:13 [error] [exception.CHttpException.404] exception 'CHttpException' with message 'The system is unable to find the requested action "hello".' in Z:\home\test1.ru\www\YiiRoot\framework\web\CController.php:484
Stack trace:
#0 Z:\home\test1.ru\www\YiiRoot\framework\web\CController.php(271): CController->missingAction('hello')
#1 Z:\home\test1.ru\www\YiiRoot\framework\web\CWebApplication.php(283): CController->run('hello')
#2 Z:\home\test1.ru\www\YiiRoot\framework\web\CWebApplication.php(142): CWebApplication->runController('site/hello')
#3 Z:\home\test1.ru\www\YiiRoot\framework\base\CApplication.php(162): CWebApplication->processRequest()
#4 Z:\home\test1.ru\www\index.php(13): CApplication->run()
#5 {main}
REQUEST_URI=/index.php?r=site/hello
---
2012/12/02 05:36:48 [error] [exception.CException] exception 'CException' with message 'Property "ContactForm.textarea" is not defined.' in Z:\home\test1.ru\www\YiiRoot\framework\base\CComponent.php:131
Stack trace:
#0 Z:\home\test1.ru\www\YiiRoot\framework\web\helpers\CHtml.php(2158): CComponent->__get('textarea')
#1 Z:\home\test1.ru\www\YiiRoot\framework\web\helpers\CHtml.php(1371): CHtml::resolveValue(Object(ContactForm), 'textarea')
#2 Z:\home\test1.ru\www\YiiRoot\framework\web\widgets\CActiveForm.php(703): CHtml::activeTextArea(Object(ContactForm), 'textarea', Array)
#3 Z:\home\test1.ru\www\protected\extensions\bootstrap\widgets\input\TbInputHorizontal.php(167): CActiveForm->textArea(Object(ContactForm), 'textarea', Array)
#4 Z:\home\test1.ru\www\protected\extensions\bootstrap\widgets\input\TbInput.php(218): TbInputHorizontal->textArea()
#5 Z:\home\test1.ru\www\protected\extensions\bootstrap\widgets\input\TbInputHorizontal.php(24): TbInput->run()
#6 Z:\home\test1.ru\www\YiiRoot\framework\web\CBaseController.php(174): TbInputHorizontal->run()
#7 Z:\home\test1.ru\www\protected\extensions\bootstrap\widgets\TbActiveForm.php(497): CBaseController->widget('bootstrap.widge...', Array)
#8 Z:\home\test1.ru\www\protected\extensions\bootstrap\widgets\TbActiveForm.php(198): TbActiveForm->inputRow('textarea', Object(ContactForm), 'textarea', NULL, Array)
#9 Z:\home\test1.ru\www\protected\views\site\contact.php(61): TbActiveForm->textAreaRow(Object(ContactForm), 'textarea', Array)
#10 Z:\home\test1.ru\www\YiiRoot\framework\web\CBaseController.php(127): require('Z:\home\test1.r...')
#11 Z:\home\test1.ru\www\YiiRoot\framework\web\CBaseController.php(96): CBaseController->renderInternal('Z:\home\test1.r...', Array, true)
#12 Z:\home\test1.ru\www\YiiRoot\framework\web\CController.php(870): CBaseController->renderFile('Z:\home\test1.r...', Array, true)
#13 Z:\home\test1.ru\www\YiiRoot\framework\web\CController.php(783): CController->renderPartial('contact', Array, true)
#14 Z:\home\test1.ru\www\protected\controllers\SiteController.php(72): CController->render('contact', Array)
#15 Z:\home\test1.ru\www\YiiRoot\framework\web\actions\CInlineAction.php(50): SiteController->actionContact()
#16 Z:\home\test1.ru\www\YiiRoot\framework\web\CController.php(309): CInlineAction->runWithParams(Array)
#17 Z:\home\test1.ru\www\YiiRoot\framework\web\CController.php(287): CController->runAction(Object(CInlineAction))
#18 Z:\home\test1.ru\www\YiiRoot\framework\web\CController.php(266): CController->runActionWithFilters(Object(CInlineAction), Array)
#19 Z:\home\test1.ru\www\YiiRoot\framework\web\CWebApplication.php(283): CController->run('contact')
#20 Z:\home\test1.ru\www\YiiRoot\framework\web\CWebApplication.php(142): CWebApplication->runController('site/contact')
#21 Z:\home\test1.ru\www\YiiRoot\framework\base\CApplication.php(162): CWebApplication->processRequest()
#22 Z:\home\test1.ru\www\index.php(13): CApplication->run()
#23 {main}
REQUEST_URI=/index.php?r=site/contact
HTTP_REFERER=http://test1.ru/index.php?r=site/page&view=about
---
2012/12/02 05:38:33 [error] [exception.CException] exception 'CException' with message 'Property "ContactForm.textarea" is not defined.' in Z:\home\test1.ru\www\YiiRoot\framework\base\CComponent.php:131
Stack trace:
#0 Z:\home\test1.ru\www\YiiRoot\framework\web\helpers\CHtml.php(2158): CComponent->__get('textarea')
#1 Z:\home\test1.ru\www\YiiRoot\framework\web\helpers\CHtml.php(1371): CHtml::resolveValue(Object(ContactForm), 'textarea')
#2 Z:\home\test1.ru\www\YiiRoot\framework\web\widgets\CActiveForm.php(703): CHtml::activeTextArea(Object(ContactForm), 'textarea', Array)
#3 Z:\home\test1.ru\www\protected\extensions\bootstrap\widgets\input\TbInputHorizontal.php(167): CActiveForm->textArea(Object(ContactForm), 'textarea', Array)
#4 Z:\home\test1.ru\www\protected\extensions\bootstrap\widgets\input\TbInput.php(218): TbInputHorizontal->textArea()
#5 Z:\home\test1.ru\www\protected\extensions\bootstrap\widgets\input\TbInputHorizontal.php(24): TbInput->run()
#6 Z:\home\test1.ru\www\YiiRoot\framework\web\CBaseController.php(174): TbInputHorizontal->run()
#7 Z:\home\test1.ru\www\protected\extensions\bootstrap\widgets\TbActiveForm.php(497): CBaseController->widget('bootstrap.widge...', Array)
#8 Z:\home\test1.ru\www\protected\extensions\bootstrap\widgets\TbActiveForm.php(198): TbActiveForm->inputRow('textarea', Object(ContactForm), 'textarea', NULL, Array)
#9 Z:\home\test1.ru\www\protected\views\site\contact.php(61): TbActiveForm->textAreaRow(Object(ContactForm), 'textarea', Array)
#10 Z:\home\test1.ru\www\YiiRoot\framework\web\CBaseController.php(127): require('Z:\home\test1.r...')
#11 Z:\home\test1.ru\www\YiiRoot\framework\web\CBaseController.php(96): CBaseController->renderInternal('Z:\home\test1.r...', Array, true)
#12 Z:\home\test1.ru\www\YiiRoot\framework\web\CController.php(870): CBaseController->renderFile('Z:\home\test1.r...', Array, true)
#13 Z:\home\test1.ru\www\YiiRoot\framework\web\CController.php(783): CController->renderPartial('contact', Array, true)
#14 Z:\home\test1.ru\www\protected\controllers\SiteController.php(72): CController->render('contact', Array)
#15 Z:\home\test1.ru\www\YiiRoot\framework\web\actions\CInlineAction.php(50): SiteController->actionContact()
#16 Z:\home\test1.ru\www\YiiRoot\framework\web\CController.php(309): CInlineAction->runWithParams(Array)
#17 Z:\home\test1.ru\www\YiiRoot\framework\web\CController.php(287): CController->runAction(Object(CInlineAction))
#18 Z:\home\test1.ru\www\YiiRoot\framework\web\CController.php(266): CController->runActionWithFilters(Object(CInlineAction), Array)
#19 Z:\home\test1.ru\www\YiiRoot\framework\web\CWebApplication.php(283): CController->run('contact')
#20 Z:\home\test1.ru\www\YiiRoot\framework\web\CWebApplication.php(142): CWebApplication->runController('site/contact')
#21 Z:\home\test1.ru\www\YiiRoot\framework\base\CApplication.php(162): CWebApplication->processRequest()
#22 Z:\home\test1.ru\www\index.php(13): CApplication->run()
#23 {main}
REQUEST_URI=/index.php?r=site/contact
HTTP_REFERER=http://test1.ru/index.php?r=site/page&view=about
---
2012/12/02 05:39:03 [error] [exception.CException] exception 'CException' with message 'Property "ContactForm.textarea" is not defined.' in Z:\home\test1.ru\www\YiiRoot\framework\base\CComponent.php:131
Stack trace:
#0 Z:\home\test1.ru\www\YiiRoot\framework\web\helpers\CHtml.php(2158): CComponent->__get('textarea')
#1 Z:\home\test1.ru\www\YiiRoot\framework\web\helpers\CHtml.php(1371): CHtml::resolveValue(Object(ContactForm), 'textarea')
#2 Z:\home\test1.ru\www\YiiRoot\framework\web\widgets\CActiveForm.php(703): CHtml::activeTextArea(Object(ContactForm), 'textarea', Array)
#3 Z:\home\test1.ru\www\protected\extensions\bootstrap\widgets\input\TbInputHorizontal.php(167): CActiveForm->textArea(Object(ContactForm), 'textarea', Array)
#4 Z:\home\test1.ru\www\protected\extensions\bootstrap\widgets\input\TbInput.php(218): TbInputHorizontal->textArea()
#5 Z:\home\test1.ru\www\protected\extensions\bootstrap\widgets\input\TbInputHorizontal.php(24): TbInput->run()
#6 Z:\home\test1.ru\www\YiiRoot\framework\web\CBaseController.php(174): TbInputHorizontal->run()
#7 Z:\home\test1.ru\www\protected\extensions\bootstrap\widgets\TbActiveForm.php(497): CBaseController->widget('bootstrap.widge...', Array)
#8 Z:\home\test1.ru\www\protected\extensions\bootstrap\widgets\TbActiveForm.php(198): TbActiveForm->inputRow('textarea', Object(ContactForm), 'textarea', NULL, Array)
#9 Z:\home\test1.ru\www\protected\views\site\contact.php(61): TbActiveForm->textAreaRow(Object(ContactForm), 'textarea', Array)
#10 Z:\home\test1.ru\www\YiiRoot\framework\web\CBaseController.php(127): require('Z:\home\test1.r...')
#11 Z:\home\test1.ru\www\YiiRoot\framework\web\CBaseController.php(96): CBaseController->renderInternal('Z:\home\test1.r...', Array, true)
#12 Z:\home\test1.ru\www\YiiRoot\framework\web\CController.php(870): CBaseController->renderFile('Z:\home\test1.r...', Array, true)
#13 Z:\home\test1.ru\www\YiiRoot\framework\web\CController.php(783): CController->renderPartial('contact', Array, true)
#14 Z:\home\test1.ru\www\protected\controllers\SiteController.php(72): CController->render('contact', Array)
#15 Z:\home\test1.ru\www\YiiRoot\framework\web\actions\CInlineAction.php(50): SiteController->actionContact()
#16 Z:\home\test1.ru\www\YiiRoot\framework\web\CController.php(309): CInlineAction->runWithParams(Array)
#17 Z:\home\test1.ru\www\YiiRoot\framework\web\CController.php(287): CController->runAction(Object(CInlineAction))
#18 Z:\home\test1.ru\www\YiiRoot\framework\web\CController.php(266): CController->runActionWithFilters(Object(CInlineAction), Array)
#19 Z:\home\test1.ru\www\YiiRoot\framework\web\CWebApplication.php(283): CController->run('contact')
#20 Z:\home\test1.ru\www\YiiRoot\framework\web\CWebApplication.php(142): CWebApplication->runController('site/contact')
#21 Z:\home\test1.ru\www\YiiRoot\framework\base\CApplication.php(162): CWebApplication->processRequest()
#22 Z:\home\test1.ru\www\index.php(13): CApplication->run()
#23 {main}
REQUEST_URI=/index.php?r=site/contact
HTTP_REFERER=http://test1.ru/index.php?r=site/page&view=about
---
2012/12/02 05:39:41 [error] [exception.CException] exception 'CException' with message 'Property "ContactForm.textarea" is not defined.' in Z:\home\test1.ru\www\YiiRoot\framework\base\CComponent.php:131
Stack trace:
#0 Z:\home\test1.ru\www\YiiRoot\framework\web\helpers\CHtml.php(2158): CComponent->__get('textarea')
#1 Z:\home\test1.ru\www\YiiRoot\framework\web\helpers\CHtml.php(1371): CHtml::resolveValue(Object(ContactForm), 'textarea')
#2 Z:\home\test1.ru\www\YiiRoot\framework\web\widgets\CActiveForm.php(703): CHtml::activeTextArea(Object(ContactForm), 'textarea', Array)
#3 Z:\home\test1.ru\www\protected\extensions\bootstrap\widgets\input\TbInputHorizontal.php(167): CActiveForm->textArea(Object(ContactForm), 'textarea', Array)
#4 Z:\home\test1.ru\www\protected\extensions\bootstrap\widgets\input\TbInput.php(218): TbInputHorizontal->textArea()
#5 Z:\home\test1.ru\www\protected\extensions\bootstrap\widgets\input\TbInputHorizontal.php(24): TbInput->run()
#6 Z:\home\test1.ru\www\YiiRoot\framework\web\CBaseController.php(174): TbInputHorizontal->run()
#7 Z:\home\test1.ru\www\protected\extensions\bootstrap\widgets\TbActiveForm.php(497): CBaseController->widget('bootstrap.widge...', Array)
#8 Z:\home\test1.ru\www\protected\extensions\bootstrap\widgets\TbActiveForm.php(198): TbActiveForm->inputRow('textarea', Object(ContactForm), 'textarea', NULL, Array)
#9 Z:\home\test1.ru\www\protected\views\site\contact.php(63): TbActiveForm->textAreaRow(Object(ContactForm), 'textarea', Array)
#10 Z:\home\test1.ru\www\YiiRoot\framework\web\CBaseController.php(127): require('Z:\home\test1.r...')
#11 Z:\home\test1.ru\www\YiiRoot\framework\web\CBaseController.php(96): CBaseController->renderInternal('Z:\home\test1.r...', Array, true)
#12 Z:\home\test1.ru\www\YiiRoot\framework\web\CController.php(870): CBaseController->renderFile('Z:\home\test1.r...', Array, true)
#13 Z:\home\test1.ru\www\YiiRoot\framework\web\CController.php(783): CController->renderPartial('contact', Array, true)
#14 Z:\home\test1.ru\www\protected\controllers\SiteController.php(72): CController->render('contact', Array)
#15 Z:\home\test1.ru\www\YiiRoot\framework\web\actions\CInlineAction.php(50): SiteController->actionContact()
#16 Z:\home\test1.ru\www\YiiRoot\framework\web\CController.php(309): CInlineAction->runWithParams(Array)
#17 Z:\home\test1.ru\www\YiiRoot\framework\web\CController.php(287): CController->runAction(Object(CInlineAction))
#18 Z:\home\test1.ru\www\YiiRoot\framework\web\CController.php(266): CController->runActionWithFilters(Object(CInlineAction), Array)
#19 Z:\home\test1.ru\www\YiiRoot\framework\web\CWebApplication.php(283): CController->run('contact')
#20 Z:\home\test1.ru\www\YiiRoot\framework\web\CWebApplication.php(142): CWebApplication->runController('site/contact')
#21 Z:\home\test1.ru\www\YiiRoot\framework\base\CApplication.php(162): CWebApplication->processRequest()
#22 Z:\home\test1.ru\www\index.php(13): CApplication->run()
#23 {main}
REQUEST_URI=/index.php?r=site/contact
HTTP_REFERER=http://test1.ru/index.php?r=site/page&view=about
---
2012/12/02 08:23:27 [error] [exception.CException] exception 'CException' with message 'Property "TbNavbar.flued" is not defined.' in Z:\home\test1.ru\www\YiiRoot\framework\base\CComponent.php:174
Stack trace:
#0 Z:\home\test1.ru\www\YiiRoot\framework\web\CWidgetFactory.php(162): CComponent->__set('flued', false)
#1 Z:\home\test1.ru\www\YiiRoot\framework\web\CBaseController.php(147): CWidgetFactory->createWidget(Object(SiteController), 'bootstrap.widge...', Array)
#2 Z:\home\test1.ru\www\YiiRoot\framework\web\CBaseController.php(173): CBaseController->createWidget('bootstrap.widge...', Array)
#3 Z:\home\test1.ru\www\protected\views\layouts\main.php(46): CBaseController->widget('bootstrap.widge...', Array)
#4 Z:\home\test1.ru\www\YiiRoot\framework\web\CBaseController.php(127): require('Z:\home\test1.r...')
#5 Z:\home\test1.ru\www\YiiRoot\framework\web\CBaseController.php(96): CBaseController->renderInternal('Z:\home\test1.r...', Array, true)
#6 Z:\home\test1.ru\www\YiiRoot\framework\web\widgets\CContentDecorator.php(77): CBaseController->renderFile('Z:\home\test1.r...', Array, true)
#7 Z:\home\test1.ru\www\YiiRoot\framework\web\widgets\CContentDecorator.php(55): CContentDecorator->decorate('<div id="conten...')
#8 Z:\home\test1.ru\www\YiiRoot\framework\web\widgets\COutputProcessor.php(45): CContentDecorator->processOutput('<div id="conten...')
#9 Z:\home\test1.ru\www\YiiRoot\framework\web\CBaseController.php(207): COutputProcessor->run()
#10 Z:\home\test1.ru\www\YiiRoot\framework\web\CBaseController.php(301): CBaseController->endWidget('CContentDecorat...')
#11 Z:\home\test1.ru\www\protected\views\layouts\column1.php(6): CBaseController->endContent()
#12 Z:\home\test1.ru\www\YiiRoot\framework\web\CBaseController.php(127): require('Z:\home\test1.r...')
#13 Z:\home\test1.ru\www\YiiRoot\framework\web\CBaseController.php(96): CBaseController->renderInternal('Z:\home\test1.r...', Array, true)
#14 Z:\home\test1.ru\www\YiiRoot\framework\web\CController.php(785): CBaseController->renderFile('Z:\home\test1.r...', Array, true)
#15 Z:\home\test1.ru\www\protected\controllers\SiteController.php(32): CController->render('index')
#16 Z:\home\test1.ru\www\YiiRoot\framework\web\actions\CInlineAction.php(50): SiteController->actionIndex()
#17 Z:\home\test1.ru\www\YiiRoot\framework\web\CController.php(309): CInlineAction->runWithParams(Array)
#18 Z:\home\test1.ru\www\YiiRoot\framework\web\CController.php(287): CController->runAction(Object(CInlineAction))
#19 Z:\home\test1.ru\www\YiiRoot\framework\web\CController.php(266): CController->runActionWithFilters(Object(CInlineAction), Array)
#20 Z:\home\test1.ru\www\YiiRoot\framework\web\CWebApplication.php(283): CController->run('index')
#21 Z:\home\test1.ru\www\YiiRoot\framework\web\CWebApplication.php(142): CWebApplication->runController('site/index')
#22 Z:\home\test1.ru\www\YiiRoot\framework\base\CApplication.php(162): CWebApplication->processRequest()
#23 Z:\home\test1.ru\www\index.php(13): CApplication->run()
#24 {main}
REQUEST_URI=/index.php?r=site/index
HTTP_REFERER=http://test1.ru/index.php?r=site/contact
---
2012/12/02 08:46:29 [error] [exception.CException] exception 'CException' with message 'Alias "bootstrap.widgets.TbNavbar" is invalid. Make sure it points to an existing directory or file.' in Z:\home\test1.ru\www\YiiRoot\framework\YiiBase.php:343
Stack trace:
#0 Z:\home\test1.ru\www\YiiRoot\framework\web\CWidgetFactory.php(147): YiiBase::import('bootstrap.widge...', true)
#1 Z:\home\test1.ru\www\YiiRoot\framework\web\CBaseController.php(147): CWidgetFactory->createWidget(Object(SiteController), 'bootstrap.widge...', Array)
#2 Z:\home\test1.ru\www\YiiRoot\framework\web\CBaseController.php(173): CBaseController->createWidget('bootstrap.widge...', Array)
#3 Z:\home\test1.ru\www\protected\views\layouts\main.php(36): CBaseController->widget('bootstrap.widge...', Array)
#4 Z:\home\test1.ru\www\YiiRoot\framework\web\CBaseController.php(127): require('Z:\home\test1.r...')
#5 Z:\home\test1.ru\www\YiiRoot\framework\web\CBaseController.php(96): CBaseController->renderInternal('Z:\home\test1.r...', Array, true)
#6 Z:\home\test1.ru\www\YiiRoot\framework\web\widgets\CContentDecorator.php(77): CBaseController->renderFile('Z:\home\test1.r...', Array, true)
#7 Z:\home\test1.ru\www\YiiRoot\framework\web\widgets\CContentDecorator.php(55): CContentDecorator->decorate('<div id="conten...')
#8 Z:\home\test1.ru\www\YiiRoot\framework\web\widgets\COutputProcessor.php(45): CContentDecorator->processOutput('<div id="conten...')
#9 Z:\home\test1.ru\www\YiiRoot\framework\web\CBaseController.php(207): COutputProcessor->run()
#10 Z:\home\test1.ru\www\YiiRoot\framework\web\CBaseController.php(301): CBaseController->endWidget('CContentDecorat...')
#11 Z:\home\test1.ru\www\protected\views\layouts\column1.php(6): CBaseController->endContent()
#12 Z:\home\test1.ru\www\YiiRoot\framework\web\CBaseController.php(127): require('Z:\home\test1.r...')
#13 Z:\home\test1.ru\www\YiiRoot\framework\web\CBaseController.php(96): CBaseController->renderInternal('Z:\home\test1.r...', Array, true)
#14 Z:\home\test1.ru\www\YiiRoot\framework\web\CController.php(785): CBaseController->renderFile('Z:\home\test1.r...', Array, true)
#15 Z:\home\test1.ru\www\protected\controllers\SiteController.php(32): CController->render('index')
#16 Z:\home\test1.ru\www\YiiRoot\framework\web\actions\CInlineAction.php(50): SiteController->actionIndex()
#17 Z:\home\test1.ru\www\YiiRoot\framework\web\CController.php(309): CInlineAction->runWithParams(Array)
#18 Z:\home\test1.ru\www\YiiRoot\framework\web\CController.php(287): CController->runAction(Object(CInlineAction))
#19 Z:\home\test1.ru\www\YiiRoot\framework\web\CController.php(266): CController->runActionWithFilters(Object(CInlineAction), Array)
#20 Z:\home\test1.ru\www\YiiRoot\framework\web\CWebApplication.php(283): CController->run('index')
#21 Z:\home\test1.ru\www\YiiRoot\framework\web\CWebApplication.php(142): CWebApplication->runController('site/index')
#22 Z:\home\test1.ru\www\YiiRoot\framework\base\CApplication.php(162): CWebApplication->processRequest()
#23 Z:\home\test1.ru\www\index.php(13): CApplication->run()
#24 {main}
REQUEST_URI=/index.php?r=site/index
HTTP_REFERER=http://test1.ru/index.php?r=site/contact
---
2012/12/02 08:46:48 [error] [exception.CException] exception 'CException' with message 'Alias "bootstrap.widgets.TbNavbar" is invalid. Make sure it points to an existing directory or file.' in Z:\home\test1.ru\www\YiiRoot\framework\YiiBase.php:343
Stack trace:
#0 Z:\home\test1.ru\www\YiiRoot\framework\web\CWidgetFactory.php(147): YiiBase::import('bootstrap.widge...', true)
#1 Z:\home\test1.ru\www\YiiRoot\framework\web\CBaseController.php(147): CWidgetFactory->createWidget(Object(SiteController), 'bootstrap.widge...', Array)
#2 Z:\home\test1.ru\www\YiiRoot\framework\web\CBaseController.php(173): CBaseController->createWidget('bootstrap.widge...', Array)
#3 Z:\home\test1.ru\www\protected\views\layouts\main.php(37): CBaseController->widget('bootstrap.widge...', Array)
#4 Z:\home\test1.ru\www\YiiRoot\framework\web\CBaseController.php(127): require('Z:\home\test1.r...')
#5 Z:\home\test1.ru\www\YiiRoot\framework\web\CBaseController.php(96): CBaseController->renderInternal('Z:\home\test1.r...', Array, true)
#6 Z:\home\test1.ru\www\YiiRoot\framework\web\widgets\CContentDecorator.php(77): CBaseController->renderFile('Z:\home\test1.r...', Array, true)
#7 Z:\home\test1.ru\www\YiiRoot\framework\web\widgets\CContentDecorator.php(55): CContentDecorator->decorate('<div id="conten...')
#8 Z:\home\test1.ru\www\YiiRoot\framework\web\widgets\COutputProcessor.php(45): CContentDecorator->processOutput('<div id="conten...')
#9 Z:\home\test1.ru\www\YiiRoot\framework\web\CBaseController.php(207): COutputProcessor->run()
#10 Z:\home\test1.ru\www\YiiRoot\framework\web\CBaseController.php(301): CBaseController->endWidget('CContentDecorat...')
#11 Z:\home\test1.ru\www\protected\views\layouts\column1.php(6): CBaseController->endContent()
#12 Z:\home\test1.ru\www\YiiRoot\framework\web\CBaseController.php(127): require('Z:\home\test1.r...')
#13 Z:\home\test1.ru\www\YiiRoot\framework\web\CBaseController.php(96): CBaseController->renderInternal('Z:\home\test1.r...', Array, true)
#14 Z:\home\test1.ru\www\YiiRoot\framework\web\CController.php(785): CBaseController->renderFile('Z:\home\test1.r...', Array, true)
#15 Z:\home\test1.ru\www\protected\controllers\SiteController.php(32): CController->render('index')
#16 Z:\home\test1.ru\www\YiiRoot\framework\web\actions\CInlineAction.php(50): SiteController->actionIndex()
#17 Z:\home\test1.ru\www\YiiRoot\framework\web\CController.php(309): CInlineAction->runWithParams(Array)
#18 Z:\home\test1.ru\www\YiiRoot\framework\web\CController.php(287): CController->runAction(Object(CInlineAction))
#19 Z:\home\test1.ru\www\YiiRoot\framework\web\CController.php(266): CController->runActionWithFilters(Object(CInlineAction), Array)
#20 Z:\home\test1.ru\www\YiiRoot\framework\web\CWebApplication.php(283): CController->run('index')
#21 Z:\home\test1.ru\www\YiiRoot\framework\web\CWebApplication.php(142): CWebApplication->runController('site/index')
#22 Z:\home\test1.ru\www\YiiRoot\framework\base\CApplication.php(162): CWebApplication->processRequest()
#23 Z:\home\test1.ru\www\index.php(13): CApplication->run()
#24 {main}
REQUEST_URI=/index.php?r=site/index
HTTP_REFERER=http://test1.ru/index.php?r=site/contact
---
2012/12/02 08:56:48 [error] [php] require_once(menu_items.php) [<a href='function.require-once'>function.require-once</a>]: failed to open stream: No such file or directory (Z:\home\test1.ru\www\protected\views\layouts\main.php:26)
Stack trace:
#0 Z:\home\test1.ru\www\YiiRoot\framework\web\CBaseController.php(96): SiteController->renderInternal()
#1 Z:\home\test1.ru\www\YiiRoot\framework\web\widgets\CContentDecorator.php(77): SiteController->renderFile()
#2 Z:\home\test1.ru\www\YiiRoot\framework\web\widgets\CContentDecorator.php(55): CContentDecorator->decorate()
#3 Z:\home\test1.ru\www\YiiRoot\framework\web\widgets\COutputProcessor.php(45): CContentDecorator->processOutput()
#4 Z:\home\test1.ru\www\YiiRoot\framework\web\CBaseController.php(207): CContentDecorator->run()
#5 Z:\home\test1.ru\www\YiiRoot\framework\web\CBaseController.php(301): SiteController->endWidget()
#6 Z:\home\test1.ru\www\protected\views\layouts\column1.php(6): SiteController->endContent()
#7 Z:\home\test1.ru\www\YiiRoot\framework\web\CBaseController.php(127): require()
#8 Z:\home\test1.ru\www\YiiRoot\framework\web\CBaseController.php(96): SiteController->renderInternal()
#9 Z:\home\test1.ru\www\YiiRoot\framework\web\CController.php(785): SiteController->renderFile()
#10 Z:\home\test1.ru\www\protected\controllers\SiteController.php(32): SiteController->render()
#11 Z:\home\test1.ru\www\YiiRoot\framework\web\actions\CInlineAction.php(50): SiteController->actionIndex()
#12 Z:\home\test1.ru\www\YiiRoot\framework\web\CController.php(309): CInlineAction->runWithParams()
#13 Z:\home\test1.ru\www\YiiRoot\framework\web\CController.php(287): SiteController->runAction()
#14 Z:\home\test1.ru\www\YiiRoot\framework\web\CController.php(266): SiteController->runActionWithFilters()
#15 Z:\home\test1.ru\www\YiiRoot\framework\web\CWebApplication.php(283): SiteController->run()
#16 Z:\home\test1.ru\www\YiiRoot\framework\web\CWebApplication.php(142): CWebApplication->runController()
#17 Z:\home\test1.ru\www\YiiRoot\framework\base\CApplication.php(162): CWebApplication->processRequest()
#18 Z:\home\test1.ru\www\index.php(13): CWebApplication->run()
REQUEST_URI=/index.php?r=site/index
in Z:\home\test1.ru\www\protected\views\layouts\main.php (26)
in Z:\home\test1.ru\www\protected\views\layouts\main.php (26)
in Z:\home\test1.ru\www\protected\views\layouts\column1.php (6)
2012/12/02 08:57:16 [error] [php] Invalid argument supplied for foreach() (Z:\home\test1.ru\www\YiiRoot\framework\zii\widgets\CMenu.php:255)
Stack trace:
#0 Z:\home\test1.ru\www\YiiRoot\framework\web\CBaseController.php(173): SiteController->createWidget()
#1 Z:\home\test1.ru\www\protected\views\layouts\main.php(31): SiteController->widget()
#2 Z:\home\test1.ru\www\YiiRoot\framework\web\CBaseController.php(127): require()
#3 Z:\home\test1.ru\www\YiiRoot\framework\web\CBaseController.php(96): SiteController->renderInternal()
#4 Z:\home\test1.ru\www\YiiRoot\framework\web\widgets\CContentDecorator.php(77): SiteController->renderFile()
#5 Z:\home\test1.ru\www\YiiRoot\framework\web\widgets\CContentDecorator.php(55): CContentDecorator->decorate()
#6 Z:\home\test1.ru\www\YiiRoot\framework\web\widgets\COutputProcessor.php(45): CContentDecorator->processOutput()
#7 Z:\home\test1.ru\www\YiiRoot\framework\web\CBaseController.php(207): CContentDecorator->run()
#8 Z:\home\test1.ru\www\YiiRoot\framework\web\CBaseController.php(301): SiteController->endWidget()
#9 Z:\home\test1.ru\www\protected\views\layouts\column1.php(6): SiteController->endContent()
#10 Z:\home\test1.ru\www\YiiRoot\framework\web\CBaseController.php(127): require()
#11 Z:\home\test1.ru\www\YiiRoot\framework\web\CBaseController.php(96): SiteController->renderInternal()
#12 Z:\home\test1.ru\www\YiiRoot\framework\web\CController.php(785): SiteController->renderFile()
#13 Z:\home\test1.ru\www\protected\controllers\SiteController.php(32): SiteController->render()
#14 Z:\home\test1.ru\www\YiiRoot\framework\web\actions\CInlineAction.php(50): SiteController->actionIndex()
#15 Z:\home\test1.ru\www\YiiRoot\framework\web\CController.php(309): CInlineAction->runWithParams()
#16 Z:\home\test1.ru\www\YiiRoot\framework\web\CController.php(287): SiteController->runAction()
#17 Z:\home\test1.ru\www\YiiRoot\framework\web\CController.php(266): SiteController->runActionWithFilters()
#18 Z:\home\test1.ru\www\YiiRoot\framework\web\CWebApplication.php(283): SiteController->run()
#19 Z:\home\test1.ru\www\YiiRoot\framework\web\CWebApplication.php(142): CWebApplication->runController()
#20 Z:\home\test1.ru\www\YiiRoot\framework\base\CApplication.php(162): CWebApplication->processRequest()
#21 Z:\home\test1.ru\www\index.php(13): CWebApplication->run()
REQUEST_URI=/index.php?r=site/index
in Z:\home\test1.ru\www\protected\views\layouts\main.php (31)
in Z:\home\test1.ru\www\protected\views\layouts\column1.php (6)
in Z:\home\test1.ru\www\protected\controllers\SiteController.php (32)
2012/12/06 05:31:10 [error] [php] include(echoCHtml.php) [<a href='function.include'>function.include</a>]: failed to open stream: No such file or directory (Z:\home\test1.ru\www\YiiRoot\framework\YiiBase.php:423)
Stack trace:
#0 Z:\home\test1.ru\www\protected\views\layouts\main.php(18): spl_autoload_call()
#1 Z:\home\test1.ru\www\YiiRoot\framework\web\CBaseController.php(127): require()
#2 Z:\home\test1.ru\www\YiiRoot\framework\web\CBaseController.php(96): SiteController->renderInternal()
#3 Z:\home\test1.ru\www\YiiRoot\framework\web\widgets\CContentDecorator.php(77): SiteController->renderFile()
#4 Z:\home\test1.ru\www\YiiRoot\framework\web\widgets\CContentDecorator.php(55): CContentDecorator->decorate()
#5 Z:\home\test1.ru\www\YiiRoot\framework\web\widgets\COutputProcessor.php(45): CContentDecorator->processOutput()
#6 Z:\home\test1.ru\www\YiiRoot\framework\web\CBaseController.php(207): CContentDecorator->run()
#7 Z:\home\test1.ru\www\YiiRoot\framework\web\CBaseController.php(301): SiteController->endWidget()
#8 Z:\home\test1.ru\www\protected\views\layouts\column1.php(6): SiteController->endContent()
#9 Z:\home\test1.ru\www\YiiRoot\framework\web\CBaseController.php(127): require()
#10 Z:\home\test1.ru\www\YiiRoot\framework\web\CBaseController.php(96): SiteController->renderInternal()
#11 Z:\home\test1.ru\www\YiiRoot\framework\web\CController.php(785): SiteController->renderFile()
#12 Z:\home\test1.ru\www\protected\controllers\SiteController.php(32): SiteController->render()
#13 Z:\home\test1.ru\www\YiiRoot\framework\web\actions\CInlineAction.php(50): SiteController->actionIndex()
#14 Z:\home\test1.ru\www\YiiRoot\framework\web\CController.php(309): CInlineAction->runWithParams()
#15 Z:\home\test1.ru\www\YiiRoot\framework\web\CController.php(287): SiteController->runAction()
#16 Z:\home\test1.ru\www\YiiRoot\framework\web\CController.php(266): SiteController->runActionWithFilters()
#17 Z:\home\test1.ru\www\YiiRoot\framework\web\CWebApplication.php(283): SiteController->run()
#18 Z:\home\test1.ru\www\YiiRoot\framework\web\CWebApplication.php(142): CWebApplication->runController()
#19 Z:\home\test1.ru\www\YiiRoot\framework\base\CApplication.php(162): CWebApplication->processRequest()
#20 Z:\home\test1.ru\www\index.php(13): CWebApplication->run()
REQUEST_URI=/
in Z:\home\test1.ru\www\protected\views\layouts\main.php (18)
in Z:\home\test1.ru\www\protected\views\layouts\column1.php (6)
in Z:\home\test1.ru\www\protected\controllers\SiteController.php (32)
2012/12/06 06:41:54 [error] [php] require(Z:\home\test1.ru\www\protected\views\layouts\main.php) [<a href='function.require'>function.require</a>]: failed to open stream: Permission denied (Z:\home\test1.ru\www\YiiRoot\framework\web\CBaseController.php:127)
Stack trace:
#0 Z:\home\test1.ru\www\YiiRoot\framework\web\widgets\CContentDecorator.php(77): SiteController->renderFile()
#1 Z:\home\test1.ru\www\YiiRoot\framework\web\widgets\CContentDecorator.php(55): CContentDecorator->decorate()
#2 Z:\home\test1.ru\www\YiiRoot\framework\web\widgets\COutputProcessor.php(45): CContentDecorator->processOutput()
#3 Z:\home\test1.ru\www\YiiRoot\framework\web\CBaseController.php(207): CContentDecorator->run()
#4 Z:\home\test1.ru\www\YiiRoot\framework\web\CBaseController.php(301): SiteController->endWidget()
#5 Z:\home\test1.ru\www\protected\views\layouts\column1.php(6): SiteController->endContent()
#6 Z:\home\test1.ru\www\YiiRoot\framework\web\CBaseController.php(127): require()
#7 Z:\home\test1.ru\www\YiiRoot\framework\web\CBaseController.php(96): SiteController->renderInternal()
#8 Z:\home\test1.ru\www\YiiRoot\framework\web\CController.php(785): SiteController->renderFile()
#9 Z:\home\test1.ru\www\protected\controllers\SiteController.php(32): SiteController->render()
#10 Z:\home\test1.ru\www\YiiRoot\framework\web\actions\CInlineAction.php(50): SiteController->actionIndex()
#11 Z:\home\test1.ru\www\YiiRoot\framework\web\CController.php(309): CInlineAction->runWithParams()
#12 Z:\home\test1.ru\www\YiiRoot\framework\web\CController.php(287): SiteController->runAction()
#13 Z:\home\test1.ru\www\YiiRoot\framework\web\CController.php(266): SiteController->runActionWithFilters()
#14 Z:\home\test1.ru\www\YiiRoot\framework\web\CWebApplication.php(283): SiteController->run()
#15 Z:\home\test1.ru\www\YiiRoot\framework\web\CWebApplication.php(142): CWebApplication->runController()
#16 Z:\home\test1.ru\www\YiiRoot\framework\base\CApplication.php(162): CWebApplication->processRequest()
#17 Z:\home\test1.ru\www\index.php(13): CWebApplication->run()
REQUEST_URI=/
in Z:\home\test1.ru\www\protected\views\layouts\column1.php (6)
in Z:\home\test1.ru\www\protected\controllers\SiteController.php (32)
in Z:\home\test1.ru\www\index.php (13)
2012/12/06 08:27:44 [error] [exception.CHttpException.404] exception 'CHttpException' with message 'Unable to resolve the request "post/index".' in Z:\home\test1.ru\www\YiiRoot\framework\web\CWebApplication.php:287
Stack trace:
#0 Z:\home\test1.ru\www\YiiRoot\framework\web\CWebApplication.php(142): CWebApplication->runController('post/index')
#1 Z:\home\test1.ru\www\YiiRoot\framework\base\CApplication.php(162): CWebApplication->processRequest()
#2 Z:\home\test1.ru\www\index.php(13): CApplication->run()
#3 {main}
REQUEST_URI=/index.php?r=post/index
HTTP_REFERER=http://test1.ru/index.php?r=site/contact
---
2012/12/06 08:29:54 [error] [exception.CHttpException.404] exception 'CHttpException' with message 'Unable to resolve the request "post/index".' in Z:\home\test1.ru\www\YiiRoot\framework\web\CWebApplication.php:287
Stack trace:
#0 Z:\home\test1.ru\www\YiiRoot\framework\web\CWebApplication.php(142): CWebApplication->runController('post/index')
#1 Z:\home\test1.ru\www\YiiRoot\framework\base\CApplication.php(162): CWebApplication->processRequest()
#2 Z:\home\test1.ru\www\index.php(13): CApplication->run()
#3 {main}
REQUEST_URI=/index.php?r=post/index
HTTP_REFERER=http://test1.ru/index.php?r=site/contact
---
2012/12/06 08:30:00 [error] [exception.CHttpException.404] exception 'CHttpException' with message 'Unable to resolve the request "post/index".' in Z:\home\test1.ru\www\YiiRoot\framework\web\CWebApplication.php:287
Stack trace:
#0 Z:\home\test1.ru\www\YiiRoot\framework\web\CWebApplication.php(142): CWebApplication->runController('post/index')
#1 Z:\home\test1.ru\www\YiiRoot\framework\base\CApplication.php(162): CWebApplication->processRequest()
#2 Z:\home\test1.ru\www\index.php(13): CApplication->run()
#3 {main}
REQUEST_URI=/index.php?r=post/index
HTTP_REFERER=http://test1.ru/index.php?r=post/index
---
2012/12/06 08:31:35 [error] [exception.CHttpException.404] exception 'CHttpException' with message 'Unable to resolve the request "post/index".' in Z:\home\test1.ru\www\YiiRoot\framework\web\CWebApplication.php:287
Stack trace:
#0 Z:\home\test1.ru\www\YiiRoot\framework\web\CWebApplication.php(142): CWebApplication->runController('post/index')
#1 Z:\home\test1.ru\www\YiiRoot\framework\base\CApplication.php(162): CWebApplication->processRequest()
#2 Z:\home\test1.ru\www\index.php(13): CApplication->run()
#3 {main}
REQUEST_URI=/index.php?r=post/index
HTTP_REFERER=http://test1.ru/index.php?r=post/index
---
2012/12/07 23:54:01 [error] [exception.CException] exception 'CException' with message 'SiteController and its behaviors do not have a method or closure named "wiget".' in Z:\home\test1.ru\www\YiiRoot\framework\base\CComponent.php:266
Stack trace:
#0 Z:\home\test1.ru\www\protected\views\site\pages\hosting.php(76): CComponent->__call('wiget', Array)
#1 Z:\home\test1.ru\www\protected\views\site\pages\hosting.php(76): SiteController->wiget('widgets.WHostin...', Array)
#2 Z:\home\test1.ru\www\YiiRoot\framework\web\CBaseController.php(127): require('Z:\home\test1.r...')
#3 Z:\home\test1.ru\www\YiiRoot\framework\web\CBaseController.php(96): CBaseController->renderInternal('Z:\home\test1.r...', NULL, true)
#4 Z:\home\test1.ru\www\YiiRoot\framework\web\CController.php(870): CBaseController->renderFile('Z:\home\test1.r...', NULL, true)
#5 Z:\home\test1.ru\www\YiiRoot\framework\web\CController.php(783): CController->renderPartial('pages/hosting', NULL, true)
#6 Z:\home\test1.ru\www\YiiRoot\framework\web\actions\CViewAction.php(141): CController->render('pages/hosting')
#7 Z:\home\test1.ru\www\YiiRoot\framework\web\actions\CAction.php(75): CViewAction->run()
#8 Z:\home\test1.ru\www\YiiRoot\framework\web\CController.php(309): CAction->runWithParams(Array)
#9 Z:\home\test1.ru\www\YiiRoot\framework\web\CController.php(287): CController->runAction(Object(CViewAction))
#10 Z:\home\test1.ru\www\YiiRoot\framework\web\CController.php(266): CController->runActionWithFilters(Object(CViewAction), Array)
#11 Z:\home\test1.ru\www\YiiRoot\framework\web\CWebApplication.php(283): CController->run('page')
#12 Z:\home\test1.ru\www\YiiRoot\framework\web\CWebApplication.php(142): CWebApplication->runController('site/page')
#13 Z:\home\test1.ru\www\YiiRoot\framework\base\CApplication.php(162): CWebApplication->processRequest()
#14 Z:\home\test1.ru\www\index.php(13): CApplication->run()
#15 {main}
REQUEST_URI=/index.php?r=site/page&view=hosting
HTTP_REFERER=http://test1.ru/index.php?r=site/page&view=development
---
2012/12/07 23:54:19 [error] [exception.CException] exception 'CException' with message 'Alias "widgets.WHosting" is invalid. Make sure it points to an existing directory or file.' in Z:\home\test1.ru\www\YiiRoot\framework\YiiBase.php:343
Stack trace:
#0 Z:\home\test1.ru\www\YiiRoot\framework\web\CWidgetFactory.php(147): YiiBase::import('widgets.WHostin...', true)
#1 Z:\home\test1.ru\www\YiiRoot\framework\web\CBaseController.php(147): CWidgetFactory->createWidget(Object(SiteController), 'widgets.WHostin...', Array)
#2 Z:\home\test1.ru\www\YiiRoot\framework\web\CBaseController.php(173): CBaseController->createWidget('widgets.WHostin...', Array)
#3 Z:\home\test1.ru\www\protected\views\site\pages\hosting.php(76): CBaseController->widget('widgets.WHostin...', Array)
#4 Z:\home\test1.ru\www\YiiRoot\framework\web\CBaseController.php(127): require('Z:\home\test1.r...')
#5 Z:\home\test1.ru\www\YiiRoot\framework\web\CBaseController.php(96): CBaseController->renderInternal('Z:\home\test1.r...', NULL, true)
#6 Z:\home\test1.ru\www\YiiRoot\framework\web\CController.php(870): CBaseController->renderFile('Z:\home\test1.r...', NULL, true)
#7 Z:\home\test1.ru\www\YiiRoot\framework\web\CController.php(783): CController->renderPartial('pages/hosting', NULL, true)
#8 Z:\home\test1.ru\www\YiiRoot\framework\web\actions\CViewAction.php(141): CController->render('pages/hosting')
#9 Z:\home\test1.ru\www\YiiRoot\framework\web\actions\CAction.php(75): CViewAction->run()
#10 Z:\home\test1.ru\www\YiiRoot\framework\web\CController.php(309): CAction->runWithParams(Array)
#11 Z:\home\test1.ru\www\YiiRoot\framework\web\CController.php(287): CController->runAction(Object(CViewAction))
#12 Z:\home\test1.ru\www\YiiRoot\framework\web\CController.php(266): CController->runActionWithFilters(Object(CViewAction), Array)
#13 Z:\home\test1.ru\www\YiiRoot\framework\web\CWebApplication.php(283): CController->run('page')
#14 Z:\home\test1.ru\www\YiiRoot\framework\web\CWebApplication.php(142): CWebApplication->runController('site/page')
#15 Z:\home\test1.ru\www\YiiRoot\framework\base\CApplication.php(162): CWebApplication->processRequest()
#16 Z:\home\test1.ru\www\index.php(13): CApplication->run()
#17 {main}
REQUEST_URI=/index.php?r=site/page&view=hosting
HTTP_REFERER=http://test1.ru/index.php?r=site/page&view=development
---
2012/12/07 23:55:01 [error] [exception.CException] exception 'CException' with message 'Alias "widgets.WHosting" is invalid. Make sure it points to an existing directory or file.' in Z:\home\test1.ru\www\YiiRoot\framework\YiiBase.php:343
Stack trace:
#0 Z:\home\test1.ru\www\YiiRoot\framework\web\CWidgetFactory.php(147): YiiBase::import('widgets.WHostin...', true)
#1 Z:\home\test1.ru\www\YiiRoot\framework\web\CBaseController.php(147): CWidgetFactory->createWidget(Object(SiteController), 'widgets.WHostin...', Array)
#2 Z:\home\test1.ru\www\YiiRoot\framework\web\CBaseController.php(173): CBaseController->createWidget('widgets.WHostin...', Array)
#3 Z:\home\test1.ru\www\protected\views\site\pages\hosting.php(76): CBaseController->widget('widgets.WHostin...', Array)
#4 Z:\home\test1.ru\www\YiiRoot\framework\web\CBaseController.php(127): require('Z:\home\test1.r...')
#5 Z:\home\test1.ru\www\YiiRoot\framework\web\CBaseController.php(96): CBaseController->renderInternal('Z:\home\test1.r...', NULL, true)
#6 Z:\home\test1.ru\www\YiiRoot\framework\web\CController.php(870): CBaseController->renderFile('Z:\home\test1.r...', NULL, true)
#7 Z:\home\test1.ru\www\YiiRoot\framework\web\CController.php(783): CController->renderPartial('pages/hosting', NULL, true)
#8 Z:\home\test1.ru\www\YiiRoot\framework\web\actions\CViewAction.php(141): CController->render('pages/hosting')
#9 Z:\home\test1.ru\www\YiiRoot\framework\web\actions\CAction.php(75): CViewAction->run()
#10 Z:\home\test1.ru\www\YiiRoot\framework\web\CController.php(309): CAction->runWithParams(Array)
#11 Z:\home\test1.ru\www\YiiRoot\framework\web\CController.php(287): CController->runAction(Object(CViewAction))
#12 Z:\home\test1.ru\www\YiiRoot\framework\web\CController.php(266): CController->runActionWithFilters(Object(CViewAction), Array)
#13 Z:\home\test1.ru\www\YiiRoot\framework\web\CWebApplication.php(283): CController->run('page')
#14 Z:\home\test1.ru\www\YiiRoot\framework\web\CWebApplication.php(142): CWebApplication->runController('site/page')
#15 Z:\home\test1.ru\www\YiiRoot\framework\base\CApplication.php(162): CWebApplication->processRequest()
#16 Z:\home\test1.ru\www\index.php(13): CApplication->run()
#17 {main}
REQUEST_URI=/index.php?r=site/page&view=hosting
HTTP_REFERER=http://test1.ru/index.php?r=site/page&view=development
---
2012/12/07 23:58:05 [error] [exception.CException] exception 'CException' with message 'Alias "views.widgets.WHosting" is invalid. Make sure it points to an existing directory or file.' in Z:\home\test1.ru\www\YiiRoot\framework\YiiBase.php:343
Stack trace:
#0 Z:\home\test1.ru\www\YiiRoot\framework\web\CWidgetFactory.php(147): YiiBase::import('views.widgets.W...', true)
#1 Z:\home\test1.ru\www\YiiRoot\framework\web\CBaseController.php(147): CWidgetFactory->createWidget(Object(SiteController), 'views.widgets.W...', Array)
#2 Z:\home\test1.ru\www\YiiRoot\framework\web\CBaseController.php(173): CBaseController->createWidget('views.widgets.W...', Array)
#3 Z:\home\test1.ru\www\protected\views\site\pages\hosting.php(76): CBaseController->widget('views.widgets.W...', Array)
#4 Z:\home\test1.ru\www\YiiRoot\framework\web\CBaseController.php(127): require('Z:\home\test1.r...')
#5 Z:\home\test1.ru\www\YiiRoot\framework\web\CBaseController.php(96): CBaseController->renderInternal('Z:\home\test1.r...', NULL, true)
#6 Z:\home\test1.ru\www\YiiRoot\framework\web\CController.php(870): CBaseController->renderFile('Z:\home\test1.r...', NULL, true)
#7 Z:\home\test1.ru\www\YiiRoot\framework\web\CController.php(783): CController->renderPartial('pages/hosting', NULL, true)
#8 Z:\home\test1.ru\www\YiiRoot\framework\web\actions\CViewAction.php(141): CController->render('pages/hosting')
#9 Z:\home\test1.ru\www\YiiRoot\framework\web\actions\CAction.php(75): CViewAction->run()
#10 Z:\home\test1.ru\www\YiiRoot\framework\web\CController.php(309): CAction->runWithParams(Array)
#11 Z:\home\test1.ru\www\YiiRoot\framework\web\CController.php(287): CController->runAction(Object(CViewAction))
#12 Z:\home\test1.ru\www\YiiRoot\framework\web\CController.php(266): CController->runActionWithFilters(Object(CViewAction), Array)
#13 Z:\home\test1.ru\www\YiiRoot\framework\web\CWebApplication.php(283): CController->run('page')
#14 Z:\home\test1.ru\www\YiiRoot\framework\web\CWebApplication.php(142): CWebApplication->runController('site/page')
#15 Z:\home\test1.ru\www\YiiRoot\framework\base\CApplication.php(162): CWebApplication->processRequest()
#16 Z:\home\test1.ru\www\index.php(13): CApplication->run()
#17 {main}
REQUEST_URI=/index.php?r=site/page&view=hosting
HTTP_REFERER=http://test1.ru/index.php?r=site/page&view=development
---
2012/12/08 00:01:55 [error] [exception.CException] exception 'CException' with message 'Alias "extensions.widgets.WHosting" is invalid. Make sure it points to an existing directory or file.' in Z:\home\test1.ru\www\YiiRoot\framework\YiiBase.php:343
Stack trace:
#0 Z:\home\test1.ru\www\YiiRoot\framework\web\CWidgetFactory.php(147): YiiBase::import('extensions.widg...', true)
#1 Z:\home\test1.ru\www\YiiRoot\framework\web\CBaseController.php(147): CWidgetFactory->createWidget(Object(SiteController), 'extensions.widg...', Array)
#2 Z:\home\test1.ru\www\YiiRoot\framework\web\CBaseController.php(173): CBaseController->createWidget('extensions.widg...', Array)
#3 Z:\home\test1.ru\www\protected\views\site\pages\hosting.php(76): CBaseController->widget('extensions.widg...', Array)
#4 Z:\home\test1.ru\www\YiiRoot\framework\web\CBaseController.php(127): require('Z:\home\test1.r...')
#5 Z:\home\test1.ru\www\YiiRoot\framework\web\CBaseController.php(96): CBaseController->renderInternal('Z:\home\test1.r...', NULL, true)
#6 Z:\home\test1.ru\www\YiiRoot\framework\web\CController.php(870): CBaseController->renderFile('Z:\home\test1.r...', NULL, true)
#7 Z:\home\test1.ru\www\YiiRoot\framework\web\CController.php(783): CController->renderPartial('pages/hosting', NULL, true)
#8 Z:\home\test1.ru\www\YiiRoot\framework\web\actions\CViewAction.php(141): CController->render('pages/hosting')
#9 Z:\home\test1.ru\www\YiiRoot\framework\web\actions\CAction.php(75): CViewAction->run()
#10 Z:\home\test1.ru\www\YiiRoot\framework\web\CController.php(309): CAction->runWithParams(Array)
#11 Z:\home\test1.ru\www\YiiRoot\framework\web\CController.php(287): CController->runAction(Object(CViewAction))
#12 Z:\home\test1.ru\www\YiiRoot\framework\web\CController.php(266): CController->runActionWithFilters(Object(CViewAction), Array)
#13 Z:\home\test1.ru\www\YiiRoot\framework\web\CWebApplication.php(283): CController->run('page')
#14 Z:\home\test1.ru\www\YiiRoot\framework\web\CWebApplication.php(142): CWebApplication->runController('site/page')
#15 Z:\home\test1.ru\www\YiiRoot\framework\base\CApplication.php(162): CWebApplication->processRequest()
#16 Z:\home\test1.ru\www\index.php(13): CApplication->run()
#17 {main}
REQUEST_URI=/index.php?r=site/page&view=hosting
HTTP_REFERER=http://test1.ru/index.php?r=site/page&view=development
---
2012/12/08 00:02:06 [error] [exception.CException] exception 'CException' with message 'Alias "extensions.widgets.views.WHosting" is invalid. Make sure it points to an existing directory or file.' in Z:\home\test1.ru\www\YiiRoot\framework\YiiBase.php:343
Stack trace:
#0 Z:\home\test1.ru\www\YiiRoot\framework\web\CWidgetFactory.php(147): YiiBase::import('extensions.widg...', true)
#1 Z:\home\test1.ru\www\YiiRoot\framework\web\CBaseController.php(147): CWidgetFactory->createWidget(Object(SiteController), 'extensions.widg...', Array)
#2 Z:\home\test1.ru\www\YiiRoot\framework\web\CBaseController.php(173): CBaseController->createWidget('extensions.widg...', Array)
#3 Z:\home\test1.ru\www\protected\views\site\pages\hosting.php(76): CBaseController->widget('extensions.widg...', Array)
#4 Z:\home\test1.ru\www\YiiRoot\framework\web\CBaseController.php(127): require('Z:\home\test1.r...')
#5 Z:\home\test1.ru\www\YiiRoot\framework\web\CBaseController.php(96): CBaseController->renderInternal('Z:\home\test1.r...', NULL, true)
#6 Z:\home\test1.ru\www\YiiRoot\framework\web\CController.php(870): CBaseController->renderFile('Z:\home\test1.r...', NULL, true)
#7 Z:\home\test1.ru\www\YiiRoot\framework\web\CController.php(783): CController->renderPartial('pages/hosting', NULL, true)
#8 Z:\home\test1.ru\www\YiiRoot\framework\web\actions\CViewAction.php(141): CController->render('pages/hosting')
#9 Z:\home\test1.ru\www\YiiRoot\framework\web\actions\CAction.php(75): CViewAction->run()
#10 Z:\home\test1.ru\www\YiiRoot\framework\web\CController.php(309): CAction->runWithParams(Array)
#11 Z:\home\test1.ru\www\YiiRoot\framework\web\CController.php(287): CController->runAction(Object(CViewAction))
#12 Z:\home\test1.ru\www\YiiRoot\framework\web\CController.php(266): CController->runActionWithFilters(Object(CViewAction), Array)
#13 Z:\home\test1.ru\www\YiiRoot\framework\web\CWebApplication.php(283): CController->run('page')
#14 Z:\home\test1.ru\www\YiiRoot\framework\web\CWebApplication.php(142): CWebApplication->runController('site/page')
#15 Z:\home\test1.ru\www\YiiRoot\framework\base\CApplication.php(162): CWebApplication->processRequest()
#16 Z:\home\test1.ru\www\index.php(13): CApplication->run()
#17 {main}
REQUEST_URI=/index.php?r=site/page&view=hosting
HTTP_REFERER=http://test1.ru/index.php?r=site/page&view=development
---
2012/12/08 00:06:18 [error] [exception.CException] exception 'CException' with message 'Property "WHosting.items" is not defined.' in Z:\home\test1.ru\www\YiiRoot\framework\base\CComponent.php:174
Stack trace:
#0 Z:\home\test1.ru\www\YiiRoot\framework\web\CWidgetFactory.php(162): CComponent->__set('items', 'Hello Widgets')
#1 Z:\home\test1.ru\www\YiiRoot\framework\web\CBaseController.php(147): CWidgetFactory->createWidget(Object(SiteController), 'application.wid...', Array)
#2 Z:\home\test1.ru\www\YiiRoot\framework\web\CBaseController.php(173): CBaseController->createWidget('application.wid...', Array)
#3 Z:\home\test1.ru\www\protected\views\site\pages\hosting.php(76): CBaseController->widget('application.wid...', Array)
#4 Z:\home\test1.ru\www\YiiRoot\framework\web\CBaseController.php(127): require('Z:\home\test1.r...')
#5 Z:\home\test1.ru\www\YiiRoot\framework\web\CBaseController.php(96): CBaseController->renderInternal('Z:\home\test1.r...', NULL, true)
#6 Z:\home\test1.ru\www\YiiRoot\framework\web\CController.php(870): CBaseController->renderFile('Z:\home\test1.r...', NULL, true)
#7 Z:\home\test1.ru\www\YiiRoot\framework\web\CController.php(783): CController->renderPartial('pages/hosting', NULL, true)
#8 Z:\home\test1.ru\www\YiiRoot\framework\web\actions\CViewAction.php(141): CController->render('pages/hosting')
#9 Z:\home\test1.ru\www\YiiRoot\framework\web\actions\CAction.php(75): CViewAction->run()
#10 Z:\home\test1.ru\www\YiiRoot\framework\web\CController.php(309): CAction->runWithParams(Array)
#11 Z:\home\test1.ru\www\YiiRoot\framework\web\CController.php(287): CController->runAction(Object(CViewAction))
#12 Z:\home\test1.ru\www\YiiRoot\framework\web\CController.php(266): CController->runActionWithFilters(Object(CViewAction), Array)
#13 Z:\home\test1.ru\www\YiiRoot\framework\web\CWebApplication.php(283): CController->run('page')
#14 Z:\home\test1.ru\www\YiiRoot\framework\web\CWebApplication.php(142): CWebApplication->runController('site/page')
#15 Z:\home\test1.ru\www\YiiRoot\framework\base\CApplication.php(162): CWebApplication->processRequest()
#16 Z:\home\test1.ru\www\index.php(13): CApplication->run()
#17 {main}
REQUEST_URI=/index.php?r=site/page&view=hosting
HTTP_REFERER=http://test1.ru/index.php?r=site/page&view=development
---
2012/12/08 01:25:09 [error] [php] require(Z:\home\test1.ru\www\protected\views\site\pages\hosting.php) [<a href='function.require'>function.require</a>]: failed to open stream: Permission denied (Z:\home\test1.ru\www\YiiRoot\framework\web\CBaseController.php:127)
Stack trace:
#0 Z:\home\test1.ru\www\YiiRoot\framework\web\CController.php(870): SiteController->renderFile()
#1 Z:\home\test1.ru\www\YiiRoot\framework\web\CController.php(783): SiteController->renderPartial()
#2 Z:\home\test1.ru\www\YiiRoot\framework\web\actions\CViewAction.php(141): SiteController->render()
#3 Z:\home\test1.ru\www\YiiRoot\framework\web\actions\CAction.php(75): CViewAction->run()
#4 Z:\home\test1.ru\www\YiiRoot\framework\web\CController.php(309): CViewAction->runWithParams()
#5 Z:\home\test1.ru\www\YiiRoot\framework\web\CController.php(287): SiteController->runAction()
#6 Z:\home\test1.ru\www\YiiRoot\framework\web\CController.php(266): SiteController->runActionWithFilters()
#7 Z:\home\test1.ru\www\YiiRoot\framework\web\CWebApplication.php(283): SiteController->run()
#8 Z:\home\test1.ru\www\YiiRoot\framework\web\CWebApplication.php(142): CWebApplication->runController()
#9 Z:\home\test1.ru\www\YiiRoot\framework\base\CApplication.php(162): CWebApplication->processRequest()
#10 Z:\home\test1.ru\www\index.php(13): CWebApplication->run()
REQUEST_URI=/index.php?r=site/page&view=hosting
in Z:\home\test1.ru\www\index.php (13)
2012/12/09 05:56:58 [error] [php] include(WStudioPreview.php) [<a href='function.include'>function.include</a>]: failed to open stream: No such file or directory (Z:\home\test1.ru\www\YiiRoot\framework\YiiBase.php:423)
Stack trace:
#0 Z:\home\test1.ru\www\YiiRoot\framework\web\CWidgetFactory.php(148): spl_autoload_call()
#1 Z:\home\test1.ru\www\YiiRoot\framework\web\CBaseController.php(147): CWidgetFactory->createWidget()
#2 Z:\home\test1.ru\www\YiiRoot\framework\web\CBaseController.php(173): SiteController->createWidget()
#3 Z:\home\test1.ru\www\protected\views\site\pages\studio.php(19): SiteController->widget()
#4 Z:\home\test1.ru\www\YiiRoot\framework\web\CBaseController.php(127): require()
#5 Z:\home\test1.ru\www\YiiRoot\framework\web\CBaseController.php(96): SiteController->renderInternal()
#6 Z:\home\test1.ru\www\YiiRoot\framework\web\CController.php(870): SiteController->renderFile()
#7 Z:\home\test1.ru\www\YiiRoot\framework\web\CController.php(783): SiteController->renderPartial()
#8 Z:\home\test1.ru\www\YiiRoot\framework\web\actions\CViewAction.php(141): SiteController->render()
#9 Z:\home\test1.ru\www\YiiRoot\framework\web\actions\CAction.php(75): CViewAction->run()
#10 Z:\home\test1.ru\www\YiiRoot\framework\web\CController.php(309): CViewAction->runWithParams()
#11 Z:\home\test1.ru\www\YiiRoot\framework\web\CController.php(287): SiteController->runAction()
#12 Z:\home\test1.ru\www\YiiRoot\framework\web\CController.php(266): SiteController->runActionWithFilters()
#13 Z:\home\test1.ru\www\YiiRoot\framework\web\CWebApplication.php(283): SiteController->run()
#14 Z:\home\test1.ru\www\YiiRoot\framework\web\CWebApplication.php(142): CWebApplication->runController()
#15 Z:\home\test1.ru\www\YiiRoot\framework\base\CApplication.php(162): CWebApplication->processRequest()
#16 Z:\home\test1.ru\www\index.php(13): CWebApplication->run()
REQUEST_URI=/index.php?r=site/page&view=studio
in Z:\home\test1.ru\www\protected\views\site\pages\studio.php (19)
in Z:\home\test1.ru\www\index.php (13)
2012/12/09 09:08:22 [error] [php] scandir(/images/preview/,/images/preview/) [<a href='function.scandir'>function.scandir</a>]: The system cannot find the path specified. (code: 3) (Z:\home\test1.ru\www\protected\views\site\pages\studio.php:14)
Stack trace:
#0 Z:\home\test1.ru\www\YiiRoot\framework\web\CBaseController.php(96): SiteController->renderInternal()
#1 Z:\home\test1.ru\www\YiiRoot\framework\web\CController.php(870): SiteController->renderFile()
#2 Z:\home\test1.ru\www\YiiRoot\framework\web\CController.php(783): SiteController->renderPartial()
#3 Z:\home\test1.ru\www\YiiRoot\framework\web\actions\CViewAction.php(141): SiteController->render()
#4 Z:\home\test1.ru\www\YiiRoot\framework\web\actions\CAction.php(75): CViewAction->run()
#5 Z:\home\test1.ru\www\YiiRoot\framework\web\CController.php(309): CViewAction->runWithParams()
#6 Z:\home\test1.ru\www\YiiRoot\framework\web\CController.php(287): SiteController->runAction()
#7 Z:\home\test1.ru\www\YiiRoot\framework\web\CController.php(266): SiteController->runActionWithFilters()
#8 Z:\home\test1.ru\www\YiiRoot\framework\web\CWebApplication.php(283): SiteController->run()
#9 Z:\home\test1.ru\www\YiiRoot\framework\web\CWebApplication.php(142): CWebApplication->runController()
#10 Z:\home\test1.ru\www\YiiRoot\framework\base\CApplication.php(162): CWebApplication->processRequest()
#11 Z:\home\test1.ru\www\index.php(13): CWebApplication->run()
REQUEST_URI=/index.php?r=site/page&view=studio
in Z:\home\test1.ru\www\protected\views\site\pages\studio.php (14)
in Z:\home\test1.ru\www\index.php (13)
2012/12/09 09:09:07 [error] [php] scandir(../images/preview/,../images/preview/) [<a href='function.scandir'>function.scandir</a>]: The system cannot find the path specified. (code: 3) (Z:\home\test1.ru\www\protected\views\site\pages\studio.php:14)
Stack trace:
#0 Z:\home\test1.ru\www\YiiRoot\framework\web\CBaseController.php(96): SiteController->renderInternal()
#1 Z:\home\test1.ru\www\YiiRoot\framework\web\CController.php(870): SiteController->renderFile()
#2 Z:\home\test1.ru\www\YiiRoot\framework\web\CController.php(783): SiteController->renderPartial()
#3 Z:\home\test1.ru\www\YiiRoot\framework\web\actions\CViewAction.php(141): SiteController->render()
#4 Z:\home\test1.ru\www\YiiRoot\framework\web\actions\CAction.php(75): CViewAction->run()
#5 Z:\home\test1.ru\www\YiiRoot\framework\web\CController.php(309): CViewAction->runWithParams()
#6 Z:\home\test1.ru\www\YiiRoot\framework\web\CController.php(287): SiteController->runAction()
#7 Z:\home\test1.ru\www\YiiRoot\framework\web\CController.php(266): SiteController->runActionWithFilters()
#8 Z:\home\test1.ru\www\YiiRoot\framework\web\CWebApplication.php(283): SiteController->run()
#9 Z:\home\test1.ru\www\YiiRoot\framework\web\CWebApplication.php(142): CWebApplication->runController()
#10 Z:\home\test1.ru\www\YiiRoot\framework\base\CApplication.php(162): CWebApplication->processRequest()
#11 Z:\home\test1.ru\www\index.php(13): CWebApplication->run()
REQUEST_URI=/index.php?r=site/page&view=studio
in Z:\home\test1.ru\www\protected\views\site\pages\studio.php (14)
in Z:\home\test1.ru\www\index.php (13)
2012/12/09 09:18:31 [error] [php] opendir(../images/preview/,../images/preview/) [<a href='function.opendir'>function.opendir</a>]: The system cannot find the path specified. (code: 3) (Z:\home\test1.ru\www\protected\views\site\pages\studio.php:17)
Stack trace:
#0 Z:\home\test1.ru\www\YiiRoot\framework\web\CBaseController.php(96): SiteController->renderInternal()
#1 Z:\home\test1.ru\www\YiiRoot\framework\web\CController.php(870): SiteController->renderFile()
#2 Z:\home\test1.ru\www\YiiRoot\framework\web\CController.php(783): SiteController->renderPartial()
#3 Z:\home\test1.ru\www\YiiRoot\framework\web\actions\CViewAction.php(141): SiteController->render()
#4 Z:\home\test1.ru\www\YiiRoot\framework\web\actions\CAction.php(75): CViewAction->run()
#5 Z:\home\test1.ru\www\YiiRoot\framework\web\CController.php(309): CViewAction->runWithParams()
#6 Z:\home\test1.ru\www\YiiRoot\framework\web\CController.php(287): SiteController->runAction()
#7 Z:\home\test1.ru\www\YiiRoot\framework\web\CController.php(266): SiteController->runActionWithFilters()
#8 Z:\home\test1.ru\www\YiiRoot\framework\web\CWebApplication.php(283): SiteController->run()
#9 Z:\home\test1.ru\www\YiiRoot\framework\web\CWebApplication.php(142): CWebApplication->runController()
#10 Z:\home\test1.ru\www\YiiRoot\framework\base\CApplication.php(162): CWebApplication->processRequest()
#11 Z:\home\test1.ru\www\index.php(13): CWebApplication->run()
REQUEST_URI=/index.php?r=site/page&view=studio
in Z:\home\test1.ru\www\protected\views\site\pages\studio.php (17)
in Z:\home\test1.ru\www\index.php (13)
2012/12/09 09:19:03 [error] [php] opendir(/images/preview/,/images/preview/) [<a href='function.opendir'>function.opendir</a>]: The system cannot find the path specified. (code: 3) (Z:\home\test1.ru\www\protected\views\site\pages\studio.php:17)
Stack trace:
#0 Z:\home\test1.ru\www\YiiRoot\framework\web\CBaseController.php(96): SiteController->renderInternal()
#1 Z:\home\test1.ru\www\YiiRoot\framework\web\CController.php(870): SiteController->renderFile()
#2 Z:\home\test1.ru\www\YiiRoot\framework\web\CController.php(783): SiteController->renderPartial()
#3 Z:\home\test1.ru\www\YiiRoot\framework\web\actions\CViewAction.php(141): SiteController->render()
#4 Z:\home\test1.ru\www\YiiRoot\framework\web\actions\CAction.php(75): CViewAction->run()
#5 Z:\home\test1.ru\www\YiiRoot\framework\web\CController.php(309): CViewAction->runWithParams()
#6 Z:\home\test1.ru\www\YiiRoot\framework\web\CController.php(287): SiteController->runAction()
#7 Z:\home\test1.ru\www\YiiRoot\framework\web\CController.php(266): SiteController->runActionWithFilters()
#8 Z:\home\test1.ru\www\YiiRoot\framework\web\CWebApplication.php(283): SiteController->run()
#9 Z:\home\test1.ru\www\YiiRoot\framework\web\CWebApplication.php(142): CWebApplication->runController()
#10 Z:\home\test1.ru\www\YiiRoot\framework\base\CApplication.php(162): CWebApplication->processRequest()
#11 Z:\home\test1.ru\www\index.php(13): CWebApplication->run()
REQUEST_URI=/index.php?r=site/page&view=studio
in Z:\home\test1.ru\www\protected\views\site\pages\studio.php (17)
in Z:\home\test1.ru\www\index.php (13)
2012/12/09 09:21:06 [error] [php] opendir(/index.php?r=site/page&amp;view=studio/images/preview/,/index.php?r=site/page&amp;view=studio/images/preview/) [<a href='function.opendir'>function.opendir</a>]: No such file or directory (Z:\home\test1.ru\www\protected\views\site\pages\studio.php:17)
Stack trace:
#0 Z:\home\test1.ru\www\YiiRoot\framework\web\CBaseController.php(96): SiteController->renderInternal()
#1 Z:\home\test1.ru\www\YiiRoot\framework\web\CController.php(870): SiteController->renderFile()
#2 Z:\home\test1.ru\www\YiiRoot\framework\web\CController.php(783): SiteController->renderPartial()
#3 Z:\home\test1.ru\www\YiiRoot\framework\web\actions\CViewAction.php(141): SiteController->render()
#4 Z:\home\test1.ru\www\YiiRoot\framework\web\actions\CAction.php(75): CViewAction->run()
#5 Z:\home\test1.ru\www\YiiRoot\framework\web\CController.php(309): CViewAction->runWithParams()
#6 Z:\home\test1.ru\www\YiiRoot\framework\web\CController.php(287): SiteController->runAction()
#7 Z:\home\test1.ru\www\YiiRoot\framework\web\CController.php(266): SiteController->runActionWithFilters()
#8 Z:\home\test1.ru\www\YiiRoot\framework\web\CWebApplication.php(283): SiteController->run()
#9 Z:\home\test1.ru\www\YiiRoot\framework\web\CWebApplication.php(142): CWebApplication->runController()
#10 Z:\home\test1.ru\www\YiiRoot\framework\base\CApplication.php(162): CWebApplication->processRequest()
#11 Z:\home\test1.ru\www\index.php(13): CWebApplication->run()
REQUEST_URI=/index.php?r=site/page&view=studio
in Z:\home\test1.ru\www\protected\views\site\pages\studio.php (17)
in Z:\home\test1.ru\www\index.php (13)
2012/12/09 09:21:30 [error] [php] opendir(/index.php?r=site/page&amp;view=studio/images/preview/,/index.php?r=site/page&amp;view=studio/images/preview/) [<a href='function.opendir'>function.opendir</a>]: No such file or directory (Z:\home\test1.ru\www\protected\views\site\pages\studio.php:17)
Stack trace:
#0 Z:\home\test1.ru\www\YiiRoot\framework\web\CBaseController.php(96): SiteController->renderInternal()
#1 Z:\home\test1.ru\www\YiiRoot\framework\web\CController.php(870): SiteController->renderFile()
#2 Z:\home\test1.ru\www\YiiRoot\framework\web\CController.php(783): SiteController->renderPartial()
#3 Z:\home\test1.ru\www\YiiRoot\framework\web\actions\CViewAction.php(141): SiteController->render()
#4 Z:\home\test1.ru\www\YiiRoot\framework\web\actions\CAction.php(75): CViewAction->run()
#5 Z:\home\test1.ru\www\YiiRoot\framework\web\CController.php(309): CViewAction->runWithParams()
#6 Z:\home\test1.ru\www\YiiRoot\framework\web\CController.php(287): SiteController->runAction()
#7 Z:\home\test1.ru\www\YiiRoot\framework\web\CController.php(266): SiteController->runActionWithFilters()
#8 Z:\home\test1.ru\www\YiiRoot\framework\web\CWebApplication.php(283): SiteController->run()
#9 Z:\home\test1.ru\www\YiiRoot\framework\web\CWebApplication.php(142): CWebApplication->runController()
#10 Z:\home\test1.ru\www\YiiRoot\framework\base\CApplication.php(162): CWebApplication->processRequest()
#11 Z:\home\test1.ru\www\index.php(13): CWebApplication->run()
REQUEST_URI=/index.php?r=site/page&view=studio
in Z:\home\test1.ru\www\protected\views\site\pages\studio.php (17)
in Z:\home\test1.ru\www\index.php (13)
2012/12/09 09:21:53 [error] [php] opendir(/images/preview/,/images/preview/) [<a href='function.opendir'>function.opendir</a>]: The system cannot find the path specified. (code: 3) (Z:\home\test1.ru\www\protected\views\site\pages\studio.php:17)
Stack trace:
#0 Z:\home\test1.ru\www\YiiRoot\framework\web\CBaseController.php(96): SiteController->renderInternal()
#1 Z:\home\test1.ru\www\YiiRoot\framework\web\CController.php(870): SiteController->renderFile()
#2 Z:\home\test1.ru\www\YiiRoot\framework\web\CController.php(783): SiteController->renderPartial()
#3 Z:\home\test1.ru\www\YiiRoot\framework\web\actions\CViewAction.php(141): SiteController->render()
#4 Z:\home\test1.ru\www\YiiRoot\framework\web\actions\CAction.php(75): CViewAction->run()
#5 Z:\home\test1.ru\www\YiiRoot\framework\web\CController.php(309): CViewAction->runWithParams()
#6 Z:\home\test1.ru\www\YiiRoot\framework\web\CController.php(287): SiteController->runAction()
#7 Z:\home\test1.ru\www\YiiRoot\framework\web\CController.php(266): SiteController->runActionWithFilters()
#8 Z:\home\test1.ru\www\YiiRoot\framework\web\CWebApplication.php(283): SiteController->run()
#9 Z:\home\test1.ru\www\YiiRoot\framework\web\CWebApplication.php(142): CWebApplication->runController()
#10 Z:\home\test1.ru\www\YiiRoot\framework\base\CApplication.php(162): CWebApplication->processRequest()
#11 Z:\home\test1.ru\www\index.php(13): CWebApplication->run()
REQUEST_URI=/index.php?r=site/page&view=studio
in Z:\home\test1.ru\www\protected\views\site\pages\studio.php (17)
in Z:\home\test1.ru\www\index.php (13)
2012/12/10 00:14:18 [error] [php] opendir(Z:/home/test1.ru/www/../images/preview/,Z:/home/test1.ru/www/../images/preview/) [<a href='function.opendir'>function.opendir</a>]: The system cannot find the path specified. (code: 3) (Z:\home\test1.ru\www\protected\views\site\index.php:18)
Stack trace:
#0 Z:\home\test1.ru\www\YiiRoot\framework\web\CBaseController.php(96): SiteController->renderInternal()
#1 Z:\home\test1.ru\www\YiiRoot\framework\web\CController.php(870): SiteController->renderFile()
#2 Z:\home\test1.ru\www\YiiRoot\framework\web\CController.php(783): SiteController->renderPartial()
#3 Z:\home\test1.ru\www\protected\controllers\SiteController.php(32): SiteController->render()
#4 Z:\home\test1.ru\www\YiiRoot\framework\web\actions\CInlineAction.php(50): SiteController->actionIndex()
#5 Z:\home\test1.ru\www\YiiRoot\framework\web\CController.php(309): CInlineAction->runWithParams()
#6 Z:\home\test1.ru\www\YiiRoot\framework\web\CController.php(287): SiteController->runAction()
#7 Z:\home\test1.ru\www\YiiRoot\framework\web\CController.php(266): SiteController->runActionWithFilters()
#8 Z:\home\test1.ru\www\YiiRoot\framework\web\CWebApplication.php(283): SiteController->run()
#9 Z:\home\test1.ru\www\YiiRoot\framework\web\CWebApplication.php(142): CWebApplication->runController()
#10 Z:\home\test1.ru\www\YiiRoot\framework\base\CApplication.php(162): CWebApplication->processRequest()
#11 Z:\home\test1.ru\www\index.php(13): CWebApplication->run()
REQUEST_URI=/index.php?r=site/index
in Z:\home\test1.ru\www\protected\views\site\index.php (18)
in Z:\home\test1.ru\www\protected\controllers\SiteController.php (32)
in Z:\home\test1.ru\www\index.php (13)
2012/12/10 00:14:29 [error] [php] opendir(Z:/home/test1.ru/www../images/preview/,Z:/home/test1.ru/www../images/preview/) [<a href='function.opendir'>function.opendir</a>]: The system cannot find the path specified. (code: 3) (Z:\home\test1.ru\www\protected\views\site\index.php:18)
Stack trace:
#0 Z:\home\test1.ru\www\YiiRoot\framework\web\CBaseController.php(96): SiteController->renderInternal()
#1 Z:\home\test1.ru\www\YiiRoot\framework\web\CController.php(870): SiteController->renderFile()
#2 Z:\home\test1.ru\www\YiiRoot\framework\web\CController.php(783): SiteController->renderPartial()
#3 Z:\home\test1.ru\www\protected\controllers\SiteController.php(32): SiteController->render()
#4 Z:\home\test1.ru\www\YiiRoot\framework\web\actions\CInlineAction.php(50): SiteController->actionIndex()
#5 Z:\home\test1.ru\www\YiiRoot\framework\web\CController.php(309): CInlineAction->runWithParams()
#6 Z:\home\test1.ru\www\YiiRoot\framework\web\CController.php(287): SiteController->runAction()
#7 Z:\home\test1.ru\www\YiiRoot\framework\web\CController.php(266): SiteController->runActionWithFilters()
#8 Z:\home\test1.ru\www\YiiRoot\framework\web\CWebApplication.php(283): SiteController->run()
#9 Z:\home\test1.ru\www\YiiRoot\framework\web\CWebApplication.php(142): CWebApplication->runController()
#10 Z:\home\test1.ru\www\YiiRoot\framework\base\CApplication.php(162): CWebApplication->processRequest()
#11 Z:\home\test1.ru\www\index.php(13): CWebApplication->run()
REQUEST_URI=/index.php?r=site/index
in Z:\home\test1.ru\www\protected\views\site\index.php (18)
in Z:\home\test1.ru\www\protected\controllers\SiteController.php (32)
in Z:\home\test1.ru\www\index.php (13)
2012/12/10 00:15:22 [error] [php] opendir(/images/preview/,/images/preview/) [<a href='function.opendir'>function.opendir</a>]: The system cannot find the path specified. (code: 3) (Z:\home\test1.ru\www\protected\views\site\index.php:18)
Stack trace:
#0 Z:\home\test1.ru\www\YiiRoot\framework\web\CBaseController.php(96): SiteController->renderInternal()
#1 Z:\home\test1.ru\www\YiiRoot\framework\web\CController.php(870): SiteController->renderFile()
#2 Z:\home\test1.ru\www\YiiRoot\framework\web\CController.php(783): SiteController->renderPartial()
#3 Z:\home\test1.ru\www\protected\controllers\SiteController.php(32): SiteController->render()
#4 Z:\home\test1.ru\www\YiiRoot\framework\web\actions\CInlineAction.php(50): SiteController->actionIndex()
#5 Z:\home\test1.ru\www\YiiRoot\framework\web\CController.php(309): CInlineAction->runWithParams()
#6 Z:\home\test1.ru\www\YiiRoot\framework\web\CController.php(287): SiteController->runAction()
#7 Z:\home\test1.ru\www\YiiRoot\framework\web\CController.php(266): SiteController->runActionWithFilters()
#8 Z:\home\test1.ru\www\YiiRoot\framework\web\CWebApplication.php(283): SiteController->run()
#9 Z:\home\test1.ru\www\YiiRoot\framework\web\CWebApplication.php(142): CWebApplication->runController()
#10 Z:\home\test1.ru\www\YiiRoot\framework\base\CApplication.php(162): CWebApplication->processRequest()
#11 Z:\home\test1.ru\www\index.php(13): CWebApplication->run()
REQUEST_URI=/index.php?r=site/index
in Z:\home\test1.ru\www\protected\views\site\index.php (18)
in Z:\home\test1.ru\www\protected\controllers\SiteController.php (32)
in Z:\home\test1.ru\www\index.php (13)
2012/12/10 01:10:03 [error] [php] opendir(Z:\home\test1.ru\www\protected../images,Z:\home\test1.ru\www\protected../images) [<a href='function.opendir'>function.opendir</a>]: The system cannot find the path specified. (code: 3) (Z:\home\test1.ru\www\protected\views\site\index.php:16)
Stack trace:
#0 Z:\home\test1.ru\www\YiiRoot\framework\web\CBaseController.php(96): SiteController->renderInternal()
#1 Z:\home\test1.ru\www\YiiRoot\framework\web\CController.php(870): SiteController->renderFile()
#2 Z:\home\test1.ru\www\YiiRoot\framework\web\CController.php(783): SiteController->renderPartial()
#3 Z:\home\test1.ru\www\protected\controllers\SiteController.php(32): SiteController->render()
#4 Z:\home\test1.ru\www\YiiRoot\framework\web\actions\CInlineAction.php(50): SiteController->actionIndex()
#5 Z:\home\test1.ru\www\YiiRoot\framework\web\CController.php(309): CInlineAction->runWithParams()
#6 Z:\home\test1.ru\www\YiiRoot\framework\web\CController.php(287): SiteController->runAction()
#7 Z:\home\test1.ru\www\YiiRoot\framework\web\CController.php(266): SiteController->runActionWithFilters()
#8 Z:\home\test1.ru\www\YiiRoot\framework\web\CWebApplication.php(283): SiteController->run()
#9 Z:\home\test1.ru\www\YiiRoot\framework\web\CWebApplication.php(142): CWebApplication->runController()
#10 Z:\home\test1.ru\www\YiiRoot\framework\base\CApplication.php(162): CWebApplication->processRequest()
#11 Z:\home\test1.ru\www\index.php(13): CWebApplication->run()
REQUEST_URI=/index.php?r=site/index
in Z:\home\test1.ru\www\protected\views\site\index.php (16)
in Z:\home\test1.ru\www\protected\controllers\SiteController.php (32)
in Z:\home\test1.ru\www\index.php (13)
2012/12/10 01:10:40 [error] [php] opendir(Z:\home\test1.ru\www\protected\images\,Z:\home\test1.ru\www\protected\images\) [<a href='function.opendir'>function.opendir</a>]: The system cannot find the file specified. (code: 2) (Z:\home\test1.ru\www\protected\views\site\index.php:16)
Stack trace:
#0 Z:\home\test1.ru\www\YiiRoot\framework\web\CBaseController.php(96): SiteController->renderInternal()
#1 Z:\home\test1.ru\www\YiiRoot\framework\web\CController.php(870): SiteController->renderFile()
#2 Z:\home\test1.ru\www\YiiRoot\framework\web\CController.php(783): SiteController->renderPartial()
#3 Z:\home\test1.ru\www\protected\controllers\SiteController.php(32): SiteController->render()
#4 Z:\home\test1.ru\www\YiiRoot\framework\web\actions\CInlineAction.php(50): SiteController->actionIndex()
#5 Z:\home\test1.ru\www\YiiRoot\framework\web\CController.php(309): CInlineAction->runWithParams()
#6 Z:\home\test1.ru\www\YiiRoot\framework\web\CController.php(287): SiteController->runAction()
#7 Z:\home\test1.ru\www\YiiRoot\framework\web\CController.php(266): SiteController->runActionWithFilters()
#8 Z:\home\test1.ru\www\YiiRoot\framework\web\CWebApplication.php(283): SiteController->run()
#9 Z:\home\test1.ru\www\YiiRoot\framework\web\CWebApplication.php(142): CWebApplication->runController()
#10 Z:\home\test1.ru\www\YiiRoot\framework\base\CApplication.php(162): CWebApplication->processRequest()
#11 Z:\home\test1.ru\www\index.php(13): CWebApplication->run()
REQUEST_URI=/index.php?r=site/index
in Z:\home\test1.ru\www\protected\views\site\index.php (16)
in Z:\home\test1.ru\www\protected\controllers\SiteController.php (32)
in Z:\home\test1.ru\www\index.php (13)
2012/12/10 01:11:19 [error] [php] opendir(Z:\home\test1.ru\www\protected\images\,Z:\home\test1.ru\www\protected\images\) [<a href='function.opendir'>function.opendir</a>]: The system cannot find the file specified. (code: 2) (Z:\home\test1.ru\www\protected\views\site\index.php:16)
Stack trace:
#0 Z:\home\test1.ru\www\YiiRoot\framework\web\CBaseController.php(96): SiteController->renderInternal()
#1 Z:\home\test1.ru\www\YiiRoot\framework\web\CController.php(870): SiteController->renderFile()
#2 Z:\home\test1.ru\www\YiiRoot\framework\web\CController.php(783): SiteController->renderPartial()
#3 Z:\home\test1.ru\www\protected\controllers\SiteController.php(32): SiteController->render()
#4 Z:\home\test1.ru\www\YiiRoot\framework\web\actions\CInlineAction.php(50): SiteController->actionIndex()
#5 Z:\home\test1.ru\www\YiiRoot\framework\web\CController.php(309): CInlineAction->runWithParams()
#6 Z:\home\test1.ru\www\YiiRoot\framework\web\CController.php(287): SiteController->runAction()
#7 Z:\home\test1.ru\www\YiiRoot\framework\web\CController.php(266): SiteController->runActionWithFilters()
#8 Z:\home\test1.ru\www\YiiRoot\framework\web\CWebApplication.php(283): SiteController->run()
#9 Z:\home\test1.ru\www\YiiRoot\framework\web\CWebApplication.php(142): CWebApplication->runController()
#10 Z:\home\test1.ru\www\YiiRoot\framework\base\CApplication.php(162): CWebApplication->processRequest()
#11 Z:\home\test1.ru\www\index.php(13): CWebApplication->run()
REQUEST_URI=/index.php?r=site/index
in Z:\home\test1.ru\www\protected\views\site\index.php (16)
in Z:\home\test1.ru\www\protected\controllers\SiteController.php (32)
in Z:\home\test1.ru\www\index.php (13)
2012/12/10 01:11:44 [error] [php] opendir(Z:\home\test1.ru\www\protected\images\,Z:\home\test1.ru\www\protected\images\) [<a href='function.opendir'>function.opendir</a>]: The system cannot find the file specified. (code: 2) (Z:\home\test1.ru\www\protected\views\site\index.php:16)
Stack trace:
#0 Z:\home\test1.ru\www\YiiRoot\framework\web\CBaseController.php(96): SiteController->renderInternal()
#1 Z:\home\test1.ru\www\YiiRoot\framework\web\CController.php(870): SiteController->renderFile()
#2 Z:\home\test1.ru\www\YiiRoot\framework\web\CController.php(783): SiteController->renderPartial()
#3 Z:\home\test1.ru\www\protected\controllers\SiteController.php(32): SiteController->render()
#4 Z:\home\test1.ru\www\YiiRoot\framework\web\actions\CInlineAction.php(50): SiteController->actionIndex()
#5 Z:\home\test1.ru\www\YiiRoot\framework\web\CController.php(309): CInlineAction->runWithParams()
#6 Z:\home\test1.ru\www\YiiRoot\framework\web\CController.php(287): SiteController->runAction()
#7 Z:\home\test1.ru\www\YiiRoot\framework\web\CController.php(266): SiteController->runActionWithFilters()
#8 Z:\home\test1.ru\www\YiiRoot\framework\web\CWebApplication.php(283): SiteController->run()
#9 Z:\home\test1.ru\www\YiiRoot\framework\web\CWebApplication.php(142): CWebApplication->runController()
#10 Z:\home\test1.ru\www\YiiRoot\framework\base\CApplication.php(162): CWebApplication->processRequest()
#11 Z:\home\test1.ru\www\index.php(13): CWebApplication->run()
REQUEST_URI=/index.php?r=site/index
in Z:\home\test1.ru\www\protected\views\site\index.php (16)
in Z:\home\test1.ru\www\protected\controllers\SiteController.php (32)
in Z:\home\test1.ru\www\index.php (13)
2012/12/10 01:17:09 [error] [php] opendir(/images/preview/,/images/preview/) [<a href='function.opendir'>function.opendir</a>]: The system cannot find the path specified. (code: 3) (Z:\home\test1.ru\www\protected\views\site\index.php:14)
Stack trace:
#0 Z:\home\test1.ru\www\YiiRoot\framework\web\CBaseController.php(96): SiteController->renderInternal()
#1 Z:\home\test1.ru\www\YiiRoot\framework\web\CController.php(870): SiteController->renderFile()
#2 Z:\home\test1.ru\www\YiiRoot\framework\web\CController.php(783): SiteController->renderPartial()
#3 Z:\home\test1.ru\www\protected\controllers\SiteController.php(32): SiteController->render()
#4 Z:\home\test1.ru\www\YiiRoot\framework\web\actions\CInlineAction.php(50): SiteController->actionIndex()
#5 Z:\home\test1.ru\www\YiiRoot\framework\web\CController.php(309): CInlineAction->runWithParams()
#6 Z:\home\test1.ru\www\YiiRoot\framework\web\CController.php(287): SiteController->runAction()
#7 Z:\home\test1.ru\www\YiiRoot\framework\web\CController.php(266): SiteController->runActionWithFilters()
#8 Z:\home\test1.ru\www\YiiRoot\framework\web\CWebApplication.php(283): SiteController->run()
#9 Z:\home\test1.ru\www\YiiRoot\framework\web\CWebApplication.php(142): CWebApplication->runController()
#10 Z:\home\test1.ru\www\YiiRoot\framework\base\CApplication.php(162): CWebApplication->processRequest()
#11 Z:\home\test1.ru\www\index.php(13): CWebApplication->run()
REQUEST_URI=/index.php?r=site/index
in Z:\home\test1.ru\www\protected\views\site\index.php (14)
in Z:\home\test1.ru\www\protected\controllers\SiteController.php (32)
in Z:\home\test1.ru\www\index.php (13)
2012/12/10 01:19:14 [error] [php] opendir(Z:\home\test1.ru\www\protected../images/preview,Z:\home\test1.ru\www\protected../images/preview) [<a href='function.opendir'>function.opendir</a>]: The system cannot find the path specified. (code: 3) (Z:\home\test1.ru\www\protected\views\site\index.php:15)
Stack trace:
#0 Z:\home\test1.ru\www\YiiRoot\framework\web\CBaseController.php(96): SiteController->renderInternal()
#1 Z:\home\test1.ru\www\YiiRoot\framework\web\CController.php(870): SiteController->renderFile()
#2 Z:\home\test1.ru\www\YiiRoot\framework\web\CController.php(783): SiteController->renderPartial()
#3 Z:\home\test1.ru\www\protected\controllers\SiteController.php(32): SiteController->render()
#4 Z:\home\test1.ru\www\YiiRoot\framework\web\actions\CInlineAction.php(50): SiteController->actionIndex()
#5 Z:\home\test1.ru\www\YiiRoot\framework\web\CController.php(309): CInlineAction->runWithParams()
#6 Z:\home\test1.ru\www\YiiRoot\framework\web\CController.php(287): SiteController->runAction()
#7 Z:\home\test1.ru\www\YiiRoot\framework\web\CController.php(266): SiteController->runActionWithFilters()
#8 Z:\home\test1.ru\www\YiiRoot\framework\web\CWebApplication.php(283): SiteController->run()
#9 Z:\home\test1.ru\www\YiiRoot\framework\web\CWebApplication.php(142): CWebApplication->runController()
#10 Z:\home\test1.ru\www\YiiRoot\framework\base\CApplication.php(162): CWebApplication->processRequest()
#11 Z:\home\test1.ru\www\index.php(13): CWebApplication->run()
REQUEST_URI=/index.php?r=site/index
in Z:\home\test1.ru\www\protected\views\site\index.php (15)
in Z:\home\test1.ru\www\protected\controllers\SiteController.php (32)
in Z:\home\test1.ru\www\index.php (13)
